<?xml version="1.0" encoding="UTF-8"?>
<robot generator="Robot 7.3.2 (Python 3.12.3 on linux)" generated="2025-11-06T11:45:43.768671" rpa="false" schemaversion="5">
<suite id="s1" name="37.Customer chat" source="/home/rohitbansal/dvc_client_tests/DolphinVC/TestCases/WeBTestCases/37.Customer_chat.robot">
<test id="s1-t1" name="Initiate Customer chat for homeal Virtual Agent and confirm where is my order working_call_delivery_partner" line="69">
<kw name="Initiate Customer chat for homeal Virtual Agent and confirm where is my order working_call delivery partner" owner="Customer_To_Agent_Chat">
<kw name="start homeal chat" owner="Customer_To_Agent_Chat">
<kw name="Create List" owner="BuiltIn">
<msg time="2025-11-06T11:45:45.643199" level="INFO">${AGENT_BROWSERS} = []</msg>
<var>${AGENT_BROWSERS}</var>
<doc>Returns a list containing given items.</doc>
<status status="PASS" start="2025-11-06T11:45:45.642960" elapsed="0.000287"/>
</kw>
<kw name="Set Global Variable" owner="BuiltIn">
<msg time="2025-11-06T11:45:45.644057" level="INFO">${AGENT_BROWSERS} = []</msg>
<arg>${AGENT_BROWSERS}</arg>
<doc>Makes a variable available globally in all tests and suites.</doc>
<status status="PASS" start="2025-11-06T11:45:45.643803" elapsed="0.000316"/>
</kw>
<kw name="Initiate customer chat" owner="Customer_To_Agent_Chat">
<kw name="Start TestCase" owner="common_login">
<kw name="options_prop" owner="importfile">
<msg time="2025-11-06T11:45:45.645880" level="INFO">====== WebDriver manager ======</msg>
<msg time="2025-11-06T11:45:45.704398" level="INFO">Get LATEST chromedriver version for google-chrome</msg>
<msg time="2025-11-06T11:45:45.784457" level="INFO">Get LATEST chromedriver version for google-chrome</msg>
<msg time="2025-11-06T11:45:45.853213" level="INFO">There is no [linux64] chromedriver "142.0.7444.61" for browser google-chrome "142.0.7444" in cache</msg>
<msg time="2025-11-06T11:45:45.853337" level="INFO">Get LATEST chromedriver version for google-chrome</msg>
<msg time="2025-11-06T11:45:46.041889" level="INFO">WebDriver version 142.0.7444.61 selected</msg>
<msg time="2025-11-06T11:45:46.046305" level="INFO">Modern chrome version https://storage.googleapis.com/chrome-for-testing-public/142.0.7444.61/linux64/chromedriver-linux64.zip</msg>
<msg time="2025-11-06T11:45:46.046397" level="INFO">About to download new driver from https://storage.googleapis.com/chrome-for-testing-public/142.0.7444.61/linux64/chromedriver-linux64.zip</msg>
<msg time="2025-11-06T11:45:46.173488" level="INFO">Driver downloading response is 200</msg>
<msg time="2025-11-06T11:45:46.710770" level="INFO">Get LATEST chromedriver version for google-chrome</msg>
<msg time="2025-11-06T11:45:46.916416" level="INFO">Driver has been saved in cache [/home/rohitbansal/.wdm/drivers/chromedriver/linux64/142.0.7444.61]</msg>
<msg time="2025-11-06T11:45:46.918803" level="INFO">${opt} = &lt;selenium.webdriver.chrome.options.Options object at 0x754c69805100&gt;</msg>
<msg time="2025-11-06T11:45:46.918901" level="INFO">${service} = &lt;selenium.webdriver.chrome.service.Service object at 0x754c676809b0&gt;</msg>
<var>${opt}</var>
<var>${service}</var>
<status status="PASS" start="2025-11-06T11:45:45.645595" elapsed="1.273350"/>
</kw>
<kw name="Run Keyword If" owner="BuiltIn">
<kw name="Open Browser" owner="SeleniumLibrary">
<msg time="2025-11-06T11:45:46.920970" level="INFO">Opening browser 'Chrome' to base url 'https://dev.sample-server.nouveau-labs.in/'.</msg>
<arg>${LOGIN_URL1}</arg>
<arg>${BROWSER}</arg>
<arg>options=${opt}</arg>
<arg>service=${service}</arg>
<doc>Opens a new browser instance to the optional ``url``.</doc>
<status status="PASS" start="2025-11-06T11:45:46.920428" elapsed="1.403650"/>
</kw>
<arg>'${BROWSER}'=='Chrome'</arg>
<arg>Open Browser</arg>
<arg>${LOGIN_URL1}</arg>
<arg>${BROWSER}</arg>
<arg>options=${opt}</arg>
<arg>service=${service}</arg>
<arg>ELSE IF</arg>
<arg>'${BROWSER}'=='edge'</arg>
<arg>Open Browser</arg>
<arg>${LOGIN_URL1}</arg>
<arg>${BROWSER}</arg>
<arg>options=add_argument("--use-fake-ui-for-media-stream");add_argument("--use-fake-device-for-media-stream")</arg>
<arg>ELSE</arg>
<arg>Open Browser</arg>
<arg>${LOGIN_URL1}</arg>
<arg>${BROWSER}</arg>
<arg>options=set_preference("media.navigator.permission.disabled", True)</arg>
<doc>Runs the given keyword with the given arguments, if ``condition`` is true.</doc>
<status status="PASS" start="2025-11-06T11:45:46.919729" elapsed="1.405100"/>
</kw>
<kw name="Maximize Browser Window" owner="SeleniumLibrary">
<doc>Maximizes current browser window.</doc>
<status status="PASS" start="2025-11-06T11:45:48.325614" elapsed="0.153993"/>
</kw>
<arg>${Customer_URL}</arg>
<status status="PASS" start="2025-11-06T11:45:45.645205" elapsed="2.835902"/>
</kw>
<kw name="Get Browser Ids" owner="SeleniumLibrary">
<msg time="2025-11-06T11:45:48.482497" level="INFO">${Customer_browsers} = [1]</msg>
<var>${Customer_browsers}</var>
<doc>Returns index of all active browser as list.</doc>
<status status="PASS" start="2025-11-06T11:45:48.481966" elapsed="0.000801"/>
</kw>
<kw name="Log To Console" owner="BuiltIn">
<arg>Current Browsers: ${Customer_browsers}</arg>
<doc>Logs the given message to the console.</doc>
<status status="PASS" start="2025-11-06T11:45:48.490767" elapsed="0.000537"/>
</kw>
<kw name="Set Variable" owner="BuiltIn">
<msg time="2025-11-06T11:45:48.493081" level="INFO">${C_Browser1} = 1</msg>
<var>${C_Browser1}</var>
<arg>${Customer_browsers}[-1]</arg>
<doc>Returns the given values which can then be assigned to a variables.</doc>
<status status="PASS" start="2025-11-06T11:45:48.492104" elapsed="0.001102"/>
</kw>
<kw name="Set Global Variable" owner="BuiltIn">
<msg time="2025-11-06T11:45:48.496383" level="INFO">${C_Browser1} = 1</msg>
<arg>${C_Browser1}</arg>
<doc>Makes a variable available globally in all tests and suites.</doc>
<status status="PASS" start="2025-11-06T11:45:48.495746" elapsed="0.000789"/>
</kw>
<kw name="Log To Console" owner="BuiltIn">
<arg>Current Customer Browser ID: ${C_Browser1}</arg>
<doc>Logs the given message to the console.</doc>
<status status="PASS" start="2025-11-06T11:45:48.497884" elapsed="0.000441"/>
</kw>
<kw name="Append To List" owner="Collections">
<arg>${AGENT_BROWSERS}</arg>
<arg>${C_Browser1}</arg>
<doc>Adds ``values`` to the end of ``list``.</doc>
<status status="PASS" start="2025-11-06T11:45:48.498821" elapsed="0.000330"/>
</kw>
<kw name="Maximize Browser Window" owner="SeleniumLibrary">
<doc>Maximizes current browser window.</doc>
<status status="PASS" start="2025-11-06T11:45:48.499661" elapsed="0.003857"/>
</kw>
<kw name="Click Element" owner="SeleniumLibrary">
<msg time="2025-11-06T11:45:48.504869" level="INFO">Clicking element '//input[@id="sample-app-server-dropdown"]'.</msg>
<arg>${Server_URL}</arg>
<doc>Click the element identified by ``locator``.</doc>
<status status="PASS" start="2025-11-06T11:45:48.504033" elapsed="0.195253"/>
</kw>
<kw name="Wait Until Element Is Visible" owner="SeleniumLibrary">
<arg>${Enter_Server_URL}</arg>
<arg>10</arg>
<doc>Waits until the element ``locator`` is visible.</doc>
<status status="PASS" start="2025-11-06T11:45:48.702637" elapsed="0.246285"/>
</kw>
<kw name="Input Text" owner="SeleniumLibrary">
<msg time="2025-11-06T11:45:48.949904" level="INFO">Typing text 'https://callsphere.evolvecx.nouveau-labs.in' into text field '//input[@id="sample-app-server-input-box"]'.</msg>
<arg>${Enter_Server_URL}</arg>
<arg>${Input_Server_URL}</arg>
<doc>Types the given ``text`` into the text field identified by ``locator``.</doc>
<status status="PASS" start="2025-11-06T11:45:48.949473" elapsed="0.165663"/>
</kw>
<kw name="Click Element" owner="SeleniumLibrary">
<msg time="2025-11-06T11:45:49.116259" level="INFO">Clicking element '//button[@id="sample-app-server-add-button"]'.</msg>
<arg>${Add_Server_URL}</arg>
<doc>Click the element identified by ``locator``.</doc>
<status status="PASS" start="2025-11-06T11:45:49.115866" elapsed="0.085845"/>
</kw>
<kw name="Click Element" owner="SeleniumLibrary">
<msg time="2025-11-06T11:45:49.202667" level="INFO">Clicking element '//input[@id="sample-app-chat-virtual-agent-dropdown"]'.</msg>
<arg>${Virtual_chat_dropdown}</arg>
<doc>Click the element identified by ``locator``.</doc>
<status status="PASS" start="2025-11-06T11:45:49.202316" elapsed="0.082852"/>
</kw>
<kw name="Wait Until Element Is Visible" owner="SeleniumLibrary">
<arg>${Virtual_chat_box_input}</arg>
<arg>10</arg>
<doc>Waits until the element ``locator`` is visible.</doc>
<status status="PASS" start="2025-11-06T11:45:49.285960" elapsed="0.254631"/>
</kw>
<kw name="Input Text" owner="SeleniumLibrary">
<msg time="2025-11-06T11:45:49.543337" level="INFO">Typing text 'homeal@support.com' into text field '//input[@id="sample-app-chat-virtual-agent-input-box"]'.</msg>
<arg>${Virtual_chat_box_input}</arg>
<arg>${chat_agent}</arg>
<doc>Types the given ``text`` into the text field identified by ``locator``.</doc>
<status status="PASS" start="2025-11-06T11:45:49.542196" elapsed="0.166138"/>
</kw>
<kw name="Click Element" owner="SeleniumLibrary">
<msg time="2025-11-06T11:45:49.710410" level="INFO">Clicking element '//button[@id="sample-app-chat-virtual-agent-add-button"]'.</msg>
<arg>${Add_Virtual_Chat_button}</arg>
<doc>Click the element identified by ``locator``.</doc>
<status status="PASS" start="2025-11-06T11:45:49.710030" elapsed="0.075556"/>
</kw>
<kw name="Click Element" owner="SeleniumLibrary">
<msg time="2025-11-06T11:45:49.786720" level="INFO">Clicking element '//button[@id="sample-app-chat-button"]'.</msg>
<arg>${Initiate_chat}</arg>
<doc>Click the element identified by ``locator``.</doc>
<status status="PASS" start="2025-11-06T11:45:49.786400" elapsed="0.174841"/>
</kw>
<kw name="Wait Until Element Is Visible" owner="SeleniumLibrary">
<arg>${Full_name}</arg>
<arg>10</arg>
<doc>Waits until the element ``locator`` is visible.</doc>
<status status="PASS" start="2025-11-06T11:45:49.962281" elapsed="0.079916"/>
</kw>
<kw name="Input Text" owner="SeleniumLibrary">
<msg time="2025-11-06T11:45:50.044628" level="INFO">Typing text 'DolphinCX Customer' into text field '//input[@id="full_name"]'.</msg>
<arg>${Full_name}</arg>
<arg>${Customer_name}</arg>
<doc>Types the given ``text`` into the text field identified by ``locator``.</doc>
<status status="PASS" start="2025-11-06T11:45:50.043209" elapsed="0.209216"/>
</kw>
<kw name="Input Text" owner="SeleniumLibrary">
<msg time="2025-11-06T11:45:50.253626" level="INFO">Typing text 'dolphincx@cus.com' into text field '//input[@id="email"]'.</msg>
<arg>${Customer_mail_add}</arg>
<arg>${Customer_email}</arg>
<doc>Types the given ``text`` into the text field identified by ``locator``.</doc>
<status status="PASS" start="2025-11-06T11:45:50.253209" elapsed="0.175209"/>
</kw>
<kw name="Input Text" owner="SeleniumLibrary">
<msg time="2025-11-06T11:45:50.430346" level="INFO">Typing text '9944776655' into text field '//input[@placeholder="Mobile Number"]'.</msg>
<arg>${Mobile_number}</arg>
<arg>${globalp_cust_number}</arg>
<doc>Types the given ``text`` into the text field identified by ``locator``.</doc>
<status status="PASS" start="2025-11-06T11:45:50.429268" elapsed="0.157741"/>
</kw>
<kw name="Click Element" owner="SeleniumLibrary">
<msg time="2025-11-06T11:45:50.589451" level="INFO">Clicking element '//button[@type="submit"]'.</msg>
<arg>${Submit}</arg>
<doc>Click the element identified by ``locator``.</doc>
<status status="PASS" start="2025-11-06T11:45:50.588178" elapsed="0.132551"/>
</kw>
<kw name="Input Text" owner="SeleniumLibrary">
<msg time="2025-11-06T11:45:50.722104" level="INFO">Typing text '6' into text field '//input[@aria-label="Please enter OTP character 1"]'.</msg>
<arg>${otp_1}</arg>
<arg>6</arg>
<doc>Types the given ``text`` into the text field identified by ``locator``.</doc>
<status status="PASS" start="2025-11-06T11:45:50.721678" elapsed="0.078456"/>
</kw>
<kw name="Input Text" owner="SeleniumLibrary">
<msg time="2025-11-06T11:45:50.801089" level="INFO">Typing text '3' into text field '//input[@aria-label="Please enter OTP character 2"]'.</msg>
<arg>${otp_2}</arg>
<arg>3</arg>
<doc>Types the given ``text`` into the text field identified by ``locator``.</doc>
<status status="PASS" start="2025-11-06T11:45:50.800807" elapsed="0.069738"/>
</kw>
<kw name="Input Text" owner="SeleniumLibrary">
<msg time="2025-11-06T11:45:50.871784" level="INFO">Typing text '7' into text field '//input[@aria-label="Please enter OTP character 3"]'.</msg>
<arg>${otp_3}</arg>
<arg>7</arg>
<doc>Types the given ``text`` into the text field identified by ``locator``.</doc>
<status status="PASS" start="2025-11-06T11:45:50.871363" elapsed="0.073876"/>
</kw>
<kw name="Input Text" owner="SeleniumLibrary">
<msg time="2025-11-06T11:45:50.946613" level="INFO">Typing text '9' into text field '//input[@aria-label="Please enter OTP character 4"]'.</msg>
<arg>${otp_4}</arg>
<arg>9</arg>
<doc>Types the given ``text`` into the text field identified by ``locator``.</doc>
<status status="PASS" start="2025-11-06T11:45:50.945910" elapsed="0.085797"/>
</kw>
<kw name="Sleep" owner="BuiltIn">
<msg time="2025-11-06T11:45:59.033173" level="INFO">Slept 8 seconds.</msg>
<arg>8s</arg>
<doc>Pauses the test executed for the given time.</doc>
<status status="PASS" start="2025-11-06T11:45:51.032536" elapsed="8.000789"/>
</kw>
<arg>${Input_Virtual_Chat_Agent}</arg>
<status status="PASS" start="2025-11-06T11:45:45.644676" elapsed="13.389213"/>
</kw>
<kw name="Page Should Contain" owner="SeleniumLibrary">
<msg time="2025-11-06T11:45:59.065784" level="INFO">Current page contains text 'Welcome. Please wait while we connect with an agent.'.</msg>
<arg>${verification_text}</arg>
<doc>Verifies that current page contains ``text``.</doc>
<status status="PASS" start="2025-11-06T11:45:59.034366" elapsed="0.031526"/>
</kw>
<kw name="Check Text On ChatPage" owner="Customer_To_Agent_Chat">
<kw name="Wait Until Element Is Visible" owner="SeleniumLibrary">
<arg>xpath=${x_path}</arg>
<arg>10</arg>
<doc>Waits until the element ``locator`` is visible.</doc>
<status status="PASS" start="2025-11-06T11:45:59.067530" elapsed="0.018044"/>
</kw>
<kw name="Get Text" owner="SeleniumLibrary">
<msg time="2025-11-06T11:45:59.104931" level="INFO">${page_text} = Roy added to the chat</msg>
<var>${page_text}</var>
<arg>xpath=${x_path}</arg>
<doc>Returns the text value of the element identified by ``locator``.</doc>
<status status="PASS" start="2025-11-06T11:45:59.085957" elapsed="0.019023"/>
</kw>
<kw name="Log To Console" owner="BuiltIn">
<arg>Page Text Extracted: ${page_text}</arg>
<doc>Logs the given message to the console.</doc>
<status status="PASS" start="2025-11-06T11:45:59.105544" elapsed="0.000297"/>
</kw>
<kw name="Run Keyword And Return Status" owner="BuiltIn">
<kw name="Should Contain" owner="BuiltIn">
<arg>${page_text}</arg>
<arg>${exp_text}</arg>
<doc>Fails if ``container`` does not contain ``item`` one or more times.</doc>
<status status="PASS" start="2025-11-06T11:45:59.106713" elapsed="0.000425"/>
</kw>
<msg time="2025-11-06T11:45:59.107528" level="INFO">${page_contains} = True</msg>
<var>${page_contains}</var>
<arg>Should Contain</arg>
<arg>${page_text}</arg>
<arg>${exp_text}</arg>
<doc>Runs the given keyword with given arguments and returns the status as a Boolean value.</doc>
<status status="PASS" start="2025-11-06T11:45:59.106259" elapsed="0.001327"/>
</kw>
<kw name="Log To Console" owner="BuiltIn">
<arg>Does the page contain expected text? ${page_contains}</arg>
<doc>Logs the given message to the console.</doc>
<status status="PASS" start="2025-11-06T11:45:59.108318" elapsed="0.000273"/>
</kw>
<if>
<branch type="IF" condition="'${page_contains}'=='False'">
<kw name="Fail" owner="BuiltIn">
<arg>Expected text: ${exp_text} not found in the page text: ${page_text}</arg>
<doc>Fails the test with the given message and optionally alters its tags.</doc>
<status status="NOT RUN" start="2025-11-06T11:45:59.109140" elapsed="0.000062"/>
</kw>
<status status="NOT RUN" start="2025-11-06T11:45:59.108825" elapsed="0.000515"/>
</branch>
<branch type="ELSE">
<kw name="Log To Console" owner="BuiltIn">
<arg>Expected text: ${exp_text} found in the page text: ${page_text}</arg>
<doc>Logs the given message to the console.</doc>
<status status="PASS" start="2025-11-06T11:45:59.109753" elapsed="0.000358"/>
</kw>
<status status="PASS" start="2025-11-06T11:45:59.109475" elapsed="0.000804"/>
</branch>
<status status="PASS" start="2025-11-06T11:45:59.108787" elapsed="0.001729"/>
</if>
<arg>${expected_text}</arg>
<arg>${start_chat_text_path}</arg>
<status status="PASS" start="2025-11-06T11:45:59.066782" elapsed="0.043824"/>
</kw>
<status status="PASS" start="2025-11-06T11:45:45.641345" elapsed="13.469505"/>
</kw>
<kw name="Wait and Click Element" owner="Customer_Recent_Chats">
<kw name="Wait Until Element Is Visible" owner="SeleniumLibrary">
<arg>${locator}</arg>
<arg>${timeout}</arg>
<doc>Waits until the element ``locator`` is visible.</doc>
<status status="PASS" start="2025-11-06T11:45:59.111936" elapsed="0.015050"/>
</kw>
<kw name="Click Element" owner="SeleniumLibrary">
<msg time="2025-11-06T11:45:59.127633" level="INFO">Clicking element '//button[normalize-space(.)='Where is my order?']'.</msg>
<arg>${locator}</arg>
<doc>Click the element identified by ``locator``.</doc>
<status status="PASS" start="2025-11-06T11:45:59.127368" elapsed="0.053336"/>
</kw>
<arg>${btn_order}</arg>
<status status="PASS" start="2025-11-06T11:45:59.111338" elapsed="0.069848"/>
</kw>
<kw name="Wait and Click Element" owner="Customer_Recent_Chats">
<kw name="Wait Until Element Is Visible" owner="SeleniumLibrary">
<arg>${locator}</arg>
<arg>${timeout}</arg>
<doc>Waits until the element ``locator`` is visible.</doc>
<status status="PASS" start="2025-11-06T11:45:59.182120" elapsed="0.466077"/>
</kw>
<kw name="Click Element" owner="SeleniumLibrary">
<msg time="2025-11-06T11:45:59.648849" level="INFO">Clicking element '//button[normalize-space(.)= "Call Delivery Partner"]'.</msg>
<arg>${locator}</arg>
<doc>Click the element identified by ``locator``.</doc>
<status status="PASS" start="2025-11-06T11:45:59.648576" elapsed="0.067903"/>
</kw>
<arg>${btn_parnter}</arg>
<status status="PASS" start="2025-11-06T11:45:59.181614" elapsed="0.535470"/>
</kw>
<kw name="Wait and Click Element" owner="Customer_Recent_Chats">
<kw name="Wait Until Element Is Visible" owner="SeleniumLibrary">
<arg>${locator}</arg>
<arg>${timeout}</arg>
<doc>Waits until the element ``locator`` is visible.</doc>
<status status="PASS" start="2025-11-06T11:45:59.718274" elapsed="1.097788"/>
</kw>
<kw name="Click Element" owner="SeleniumLibrary">
<msg time="2025-11-06T11:46:00.816685" level="INFO">Clicking element '//button[normalize-space(.)= 'No']'.</msg>
<arg>${locator}</arg>
<doc>Click the element identified by ``locator``.</doc>
<status status="PASS" start="2025-11-06T11:46:00.816421" elapsed="0.116308"/>
</kw>
<arg>${btn_no}</arg>
<status status="PASS" start="2025-11-06T11:45:59.717573" elapsed="1.215625"/>
</kw>
<kw name="Verify chat ended" owner="Customer_To_Agent_Chat">
<kw name="Wait Until Element Is Visible" owner="SeleniumLibrary">
<arg>${chat_session_end}</arg>
<arg>10s</arg>
<doc>Waits until the element ``locator`` is visible.</doc>
<status status="PASS" start="2025-11-06T11:46:00.933982" elapsed="1.562070"/>
</kw>
<status status="PASS" start="2025-11-06T11:46:00.933523" elapsed="1.562767"/>
</kw>
<kw name="End Chat from Customer Side" owner="Customer_To_Agent_Chat">
<kw name="Switch Browser" owner="SeleniumLibrary">
<arg>${AGENT_BROWSERS}[${browser_index}]</arg>
<doc>Switches between active browsers using ``index_or_alias``.</doc>
<status status="PASS" start="2025-11-06T11:46:02.497081" elapsed="0.000281"/>
</kw>
<kw name="Switch Window" owner="SeleniumLibrary">
<arg>MAIN</arg>
<doc>Switches to browser window matching ``locator``.</doc>
<status status="PASS" start="2025-11-06T11:46:02.497619" elapsed="0.002647"/>
</kw>
<kw name="Wait Until Element Is Visible" owner="SeleniumLibrary">
<arg>//span[@id="dvc-chat-header-exit"]</arg>
<doc>Waits until the element ``locator`` is visible.</doc>
<status status="PASS" start="2025-11-06T11:46:02.500604" elapsed="0.019750"/>
</kw>
<kw name="Click Element" owner="SeleniumLibrary">
<msg time="2025-11-06T11:46:02.521047" level="INFO">Clicking element '//span[@id="dvc-chat-header-exit"]'.</msg>
<arg>//span[@id="dvc-chat-header-exit"]</arg>
<doc>Click the element identified by ``locator``.</doc>
<status status="PASS" start="2025-11-06T11:46:02.520756" elapsed="0.089695"/>
</kw>
<kw name="Sleep" owner="BuiltIn">
<msg time="2025-11-06T11:46:06.611607" level="INFO">Slept 4 seconds.</msg>
<arg>4s</arg>
<doc>Pauses the test executed for the given time.</doc>
<status status="PASS" start="2025-11-06T11:46:02.611052" elapsed="4.000723"/>
</kw>
<kw name="Wait Until Element Is Visible" owner="SeleniumLibrary">
<arg>//span[text()="Submit"]</arg>
<arg>10</arg>
<doc>Waits until the element ``locator`` is visible.</doc>
<status status="PASS" start="2025-11-06T11:46:06.612619" elapsed="0.023297"/>
</kw>
<kw name="Click Element" owner="SeleniumLibrary">
<msg time="2025-11-06T11:46:06.636546" level="INFO">Clicking element '//span[text()="Submit"]'.</msg>
<arg>//span[text()="Submit"]</arg>
<doc>Click the element identified by ``locator``.</doc>
<status status="PASS" start="2025-11-06T11:46:06.636306" elapsed="0.052265"/>
</kw>
<kw name="Sleep" owner="BuiltIn">
<msg time="2025-11-06T11:46:08.690844" level="INFO">Slept 2 seconds.</msg>
<arg>2s</arg>
<doc>Pauses the test executed for the given time.</doc>
<status status="PASS" start="2025-11-06T11:46:06.689622" elapsed="2.001623"/>
</kw>
<arg>0</arg>
<status status="PASS" start="2025-11-06T11:46:02.496633" elapsed="6.196337"/>
</kw>
<status status="PASS" start="2025-11-06T11:45:45.640863" elapsed="23.052895"/>
</kw>
<kw name="Close All Browsers" owner="SeleniumLibrary" type="TEARDOWN">
<doc>Closes all open browsers and resets the browser cache.</doc>
<status status="PASS" start="2025-11-06T11:46:08.695413" elapsed="0.117747"/>
</kw>
<doc>This test case is to initiate a chat from the customer side to virtual agent for homeal and confirm where is my order working call delivery partner</doc>
<tag>13</tag>
<tag>CVACHAT_13</tag>
<tag>homeal</tag>
<status status="PASS" start="2025-11-06T11:45:45.638320" elapsed="23.175076"/>
</test>
<test id="s1-t2" name="Initiate Customer chat for homeal Virtual Agent and confirm where is my order then quit the chat" line="74">
<kw name="Initiate Customer chat for homeal Virtual Agent and confirm where is my order then quit the chat" owner="Customer_To_Agent_Chat">
<kw name="start homeal chat" owner="Customer_To_Agent_Chat">
<kw name="Create List" owner="BuiltIn">
<msg time="2025-11-06T11:46:08.886692" level="INFO">${AGENT_BROWSERS} = []</msg>
<var>${AGENT_BROWSERS}</var>
<doc>Returns a list containing given items.</doc>
<status status="PASS" start="2025-11-06T11:46:08.886506" elapsed="0.000223"/>
</kw>
<kw name="Set Global Variable" owner="BuiltIn">
<msg time="2025-11-06T11:46:08.887523" level="INFO">${AGENT_BROWSERS} = []</msg>
<arg>${AGENT_BROWSERS}</arg>
<doc>Makes a variable available globally in all tests and suites.</doc>
<status status="PASS" start="2025-11-06T11:46:08.887239" elapsed="0.000346"/>
</kw>
<kw name="Initiate customer chat" owner="Customer_To_Agent_Chat">
<kw name="Start TestCase" owner="common_login">
<kw name="options_prop" owner="importfile">
<msg time="2025-11-06T11:46:08.889426" level="INFO">====== WebDriver manager ======</msg>
<msg time="2025-11-06T11:46:08.954310" level="INFO">Get LATEST chromedriver version for google-chrome</msg>
<msg time="2025-11-06T11:46:09.022685" level="INFO">Get LATEST chromedriver version for google-chrome</msg>
<msg time="2025-11-06T11:46:09.090319" level="INFO">Driver [/home/rohitbansal/.wdm/drivers/chromedriver/linux64/142.0.7444.61/chromedriver-linux64/chromedriver] found in cache</msg>
<msg time="2025-11-06T11:46:09.090600" level="INFO">${opt} = &lt;selenium.webdriver.chrome.options.Options object at 0x754c6972b800&gt;</msg>
<msg time="2025-11-06T11:46:09.090664" level="INFO">${service} = &lt;selenium.webdriver.chrome.service.Service object at 0x754c6bcefa70&gt;</msg>
<var>${opt}</var>
<var>${service}</var>
<status status="PASS" start="2025-11-06T11:46:08.889151" elapsed="0.201546"/>
</kw>
<kw name="Run Keyword If" owner="BuiltIn">
<kw name="Open Browser" owner="SeleniumLibrary">
<msg time="2025-11-06T11:46:09.091993" level="INFO">Opening browser 'Chrome' to base url 'https://dev.sample-server.nouveau-labs.in/'.</msg>
<arg>${LOGIN_URL1}</arg>
<arg>${BROWSER}</arg>
<arg>options=${opt}</arg>
<arg>service=${service}</arg>
<doc>Opens a new browser instance to the optional ``url``.</doc>
<status status="PASS" start="2025-11-06T11:46:09.091666" elapsed="1.513903"/>
</kw>
<arg>'${BROWSER}'=='Chrome'</arg>
<arg>Open Browser</arg>
<arg>${LOGIN_URL1}</arg>
<arg>${BROWSER}</arg>
<arg>options=${opt}</arg>
<arg>service=${service}</arg>
<arg>ELSE IF</arg>
<arg>'${BROWSER}'=='edge'</arg>
<arg>Open Browser</arg>
<arg>${LOGIN_URL1}</arg>
<arg>${BROWSER}</arg>
<arg>options=add_argument("--use-fake-ui-for-media-stream");add_argument("--use-fake-device-for-media-stream")</arg>
<arg>ELSE</arg>
<arg>Open Browser</arg>
<arg>${LOGIN_URL1}</arg>
<arg>${BROWSER}</arg>
<arg>options=set_preference("media.navigator.permission.disabled", True)</arg>
<doc>Runs the given keyword with the given arguments, if ``condition`` is true.</doc>
<status status="PASS" start="2025-11-06T11:46:09.091215" elapsed="1.515059"/>
</kw>
<kw name="Maximize Browser Window" owner="SeleniumLibrary">
<doc>Maximizes current browser window.</doc>
<status status="PASS" start="2025-11-06T11:46:10.606925" elapsed="0.150773"/>
</kw>
<arg>${Customer_URL}</arg>
<status status="PASS" start="2025-11-06T11:46:08.888724" elapsed="1.870547"/>
</kw>
<kw name="Get Browser Ids" owner="SeleniumLibrary">
<msg time="2025-11-06T11:46:10.760362" level="INFO">${Customer_browsers} = [1]</msg>
<var>${Customer_browsers}</var>
<doc>Returns index of all active browser as list.</doc>
<status status="PASS" start="2025-11-06T11:46:10.759922" elapsed="0.000523"/>
</kw>
<kw name="Log To Console" owner="BuiltIn">
<arg>Current Browsers: ${Customer_browsers}</arg>
<doc>Logs the given message to the console.</doc>
<status status="PASS" start="2025-11-06T11:46:10.761882" elapsed="0.000569"/>
</kw>
<kw name="Set Variable" owner="BuiltIn">
<msg time="2025-11-06T11:46:10.764317" level="INFO">${C_Browser1} = 1</msg>
<var>${C_Browser1}</var>
<arg>${Customer_browsers}[-1]</arg>
<doc>Returns the given values which can then be assigned to a variables.</doc>
<status status="PASS" start="2025-11-06T11:46:10.763084" elapsed="0.001317"/>
</kw>
<kw name="Set Global Variable" owner="BuiltIn">
<msg time="2025-11-06T11:46:10.766674" level="INFO">${C_Browser1} = 1</msg>
<arg>${C_Browser1}</arg>
<doc>Makes a variable available globally in all tests and suites.</doc>
<status status="PASS" start="2025-11-06T11:46:10.766013" elapsed="0.000902"/>
</kw>
<kw name="Log To Console" owner="BuiltIn">
<arg>Current Customer Browser ID: ${C_Browser1}</arg>
<doc>Logs the given message to the console.</doc>
<status status="PASS" start="2025-11-06T11:46:10.768721" elapsed="0.000629"/>
</kw>
<kw name="Append To List" owner="Collections">
<arg>${AGENT_BROWSERS}</arg>
<arg>${C_Browser1}</arg>
<doc>Adds ``values`` to the end of ``list``.</doc>
<status status="PASS" start="2025-11-06T11:46:10.769922" elapsed="0.000510"/>
</kw>
<kw name="Maximize Browser Window" owner="SeleniumLibrary">
<doc>Maximizes current browser window.</doc>
<status status="PASS" start="2025-11-06T11:46:10.771104" elapsed="0.011653"/>
</kw>
<kw name="Click Element" owner="SeleniumLibrary">
<msg time="2025-11-06T11:46:10.783888" level="INFO">Clicking element '//input[@id="sample-app-server-dropdown"]'.</msg>
<arg>${Server_URL}</arg>
<doc>Click the element identified by ``locator``.</doc>
<status status="PASS" start="2025-11-06T11:46:10.783352" elapsed="0.167202"/>
</kw>
<kw name="Wait Until Element Is Visible" owner="SeleniumLibrary">
<arg>${Enter_Server_URL}</arg>
<arg>10</arg>
<doc>Waits until the element ``locator`` is visible.</doc>
<status status="PASS" start="2025-11-06T11:46:10.951183" elapsed="0.286874"/>
</kw>
<kw name="Input Text" owner="SeleniumLibrary">
<msg time="2025-11-06T11:46:11.240847" level="INFO">Typing text 'https://callsphere.evolvecx.nouveau-labs.in' into text field '//input[@id="sample-app-server-input-box"]'.</msg>
<arg>${Enter_Server_URL}</arg>
<arg>${Input_Server_URL}</arg>
<doc>Types the given ``text`` into the text field identified by ``locator``.</doc>
<status status="PASS" start="2025-11-06T11:46:11.239587" elapsed="0.187730"/>
</kw>
<kw name="Click Element" owner="SeleniumLibrary">
<msg time="2025-11-06T11:46:11.428371" level="INFO">Clicking element '//button[@id="sample-app-server-add-button"]'.</msg>
<arg>${Add_Server_URL}</arg>
<doc>Click the element identified by ``locator``.</doc>
<status status="PASS" start="2025-11-06T11:46:11.428033" elapsed="0.099220"/>
</kw>
<kw name="Click Element" owner="SeleniumLibrary">
<msg time="2025-11-06T11:46:11.528975" level="INFO">Clicking element '//input[@id="sample-app-chat-virtual-agent-dropdown"]'.</msg>
<arg>${Virtual_chat_dropdown}</arg>
<doc>Click the element identified by ``locator``.</doc>
<status status="PASS" start="2025-11-06T11:46:11.528368" elapsed="0.083537"/>
</kw>
<kw name="Wait Until Element Is Visible" owner="SeleniumLibrary">
<arg>${Virtual_chat_box_input}</arg>
<arg>10</arg>
<doc>Waits until the element ``locator`` is visible.</doc>
<status status="PASS" start="2025-11-06T11:46:11.612569" elapsed="0.274911"/>
</kw>
<kw name="Input Text" owner="SeleniumLibrary">
<msg time="2025-11-06T11:46:11.889829" level="INFO">Typing text 'homeal@support.com' into text field '//input[@id="sample-app-chat-virtual-agent-input-box"]'.</msg>
<arg>${Virtual_chat_box_input}</arg>
<arg>${chat_agent}</arg>
<doc>Types the given ``text`` into the text field identified by ``locator``.</doc>
<status status="PASS" start="2025-11-06T11:46:11.888897" elapsed="0.099786"/>
</kw>
<kw name="Click Element" owner="SeleniumLibrary">
<msg time="2025-11-06T11:46:11.990893" level="INFO">Clicking element '//button[@id="sample-app-chat-virtual-agent-add-button"]'.</msg>
<arg>${Add_Virtual_Chat_button}</arg>
<doc>Click the element identified by ``locator``.</doc>
<status status="PASS" start="2025-11-06T11:46:11.990488" elapsed="0.081398"/>
</kw>
<kw name="Click Element" owner="SeleniumLibrary">
<msg time="2025-11-06T11:46:12.073356" level="INFO">Clicking element '//button[@id="sample-app-chat-button"]'.</msg>
<arg>${Initiate_chat}</arg>
<doc>Click the element identified by ``locator``.</doc>
<status status="PASS" start="2025-11-06T11:46:12.072901" elapsed="0.175274"/>
</kw>
<kw name="Wait Until Element Is Visible" owner="SeleniumLibrary">
<arg>${Full_name}</arg>
<arg>10</arg>
<doc>Waits until the element ``locator`` is visible.</doc>
<status status="PASS" start="2025-11-06T11:46:12.255266" elapsed="0.291269"/>
</kw>
<kw name="Input Text" owner="SeleniumLibrary">
<msg time="2025-11-06T11:46:12.547200" level="INFO">Typing text 'DolphinCX Customer' into text field '//input[@id="full_name"]'.</msg>
<arg>${Full_name}</arg>
<arg>${Customer_name}</arg>
<doc>Types the given ``text`` into the text field identified by ``locator``.</doc>
<status status="PASS" start="2025-11-06T11:46:12.546927" elapsed="0.150730"/>
</kw>
<kw name="Input Text" owner="SeleniumLibrary">
<msg time="2025-11-06T11:46:12.700659" level="INFO">Typing text 'dolphincx@cus.com' into text field '//input[@id="email"]'.</msg>
<arg>${Customer_mail_add}</arg>
<arg>${Customer_email}</arg>
<doc>Types the given ``text`` into the text field identified by ``locator``.</doc>
<status status="PASS" start="2025-11-06T11:46:12.699120" elapsed="0.171685"/>
</kw>
<kw name="Input Text" owner="SeleniumLibrary">
<msg time="2025-11-06T11:46:12.871965" level="INFO">Typing text '9944776655' into text field '//input[@placeholder="Mobile Number"]'.</msg>
<arg>${Mobile_number}</arg>
<arg>${globalp_cust_number}</arg>
<doc>Types the given ``text`` into the text field identified by ``locator``.</doc>
<status status="PASS" start="2025-11-06T11:46:12.871433" elapsed="0.157127"/>
</kw>
<kw name="Click Element" owner="SeleniumLibrary">
<msg time="2025-11-06T11:46:13.030740" level="INFO">Clicking element '//button[@type="submit"]'.</msg>
<arg>${Submit}</arg>
<doc>Click the element identified by ``locator``.</doc>
<status status="PASS" start="2025-11-06T11:46:13.030289" elapsed="0.123825"/>
</kw>
<kw name="Input Text" owner="SeleniumLibrary">
<msg time="2025-11-06T11:46:13.155785" level="INFO">Typing text '6' into text field '//input[@aria-label="Please enter OTP character 1"]'.</msg>
<arg>${otp_1}</arg>
<arg>6</arg>
<doc>Types the given ``text`` into the text field identified by ``locator``.</doc>
<status status="PASS" start="2025-11-06T11:46:13.155135" elapsed="0.078393"/>
</kw>
<kw name="Input Text" owner="SeleniumLibrary">
<msg time="2025-11-06T11:46:13.234894" level="INFO">Typing text '3' into text field '//input[@aria-label="Please enter OTP character 2"]'.</msg>
<arg>${otp_2}</arg>
<arg>3</arg>
<doc>Types the given ``text`` into the text field identified by ``locator``.</doc>
<status status="PASS" start="2025-11-06T11:46:13.234417" elapsed="0.093600"/>
</kw>
<kw name="Input Text" owner="SeleniumLibrary">
<msg time="2025-11-06T11:46:13.329848" level="INFO">Typing text '7' into text field '//input[@aria-label="Please enter OTP character 3"]'.</msg>
<arg>${otp_3}</arg>
<arg>7</arg>
<doc>Types the given ``text`` into the text field identified by ``locator``.</doc>
<status status="PASS" start="2025-11-06T11:46:13.329363" elapsed="0.203645"/>
</kw>
<kw name="Input Text" owner="SeleniumLibrary">
<msg time="2025-11-06T11:46:13.534667" level="INFO">Typing text '9' into text field '//input[@aria-label="Please enter OTP character 4"]'.</msg>
<arg>${otp_4}</arg>
<arg>9</arg>
<doc>Types the given ``text`` into the text field identified by ``locator``.</doc>
<status status="PASS" start="2025-11-06T11:46:13.534074" elapsed="0.111508"/>
</kw>
<kw name="Sleep" owner="BuiltIn">
<msg time="2025-11-06T11:46:21.646606" level="INFO">Slept 8 seconds.</msg>
<arg>8s</arg>
<doc>Pauses the test executed for the given time.</doc>
<status status="PASS" start="2025-11-06T11:46:13.646263" elapsed="8.000469"/>
</kw>
<arg>${Input_Virtual_Chat_Agent}</arg>
<status status="PASS" start="2025-11-06T11:46:08.888241" elapsed="12.758919"/>
</kw>
<kw name="Page Should Contain" owner="SeleniumLibrary">
<msg time="2025-11-06T11:46:21.675313" level="INFO">Current page contains text 'Welcome. Please wait while we connect with an agent.'.</msg>
<arg>${verification_text}</arg>
<doc>Verifies that current page contains ``text``.</doc>
<status status="PASS" start="2025-11-06T11:46:21.647479" elapsed="0.027943"/>
</kw>
<kw name="Check Text On ChatPage" owner="Customer_To_Agent_Chat">
<kw name="Wait Until Element Is Visible" owner="SeleniumLibrary">
<arg>xpath=${x_path}</arg>
<arg>10</arg>
<doc>Waits until the element ``locator`` is visible.</doc>
<status status="PASS" start="2025-11-06T11:46:21.676596" elapsed="0.015696"/>
</kw>
<kw name="Get Text" owner="SeleniumLibrary">
<msg time="2025-11-06T11:46:21.711639" level="INFO">${page_text} = Nisha added to the chat</msg>
<var>${page_text}</var>
<arg>xpath=${x_path}</arg>
<doc>Returns the text value of the element identified by ``locator``.</doc>
<status status="PASS" start="2025-11-06T11:46:21.692686" elapsed="0.019040"/>
</kw>
<kw name="Log To Console" owner="BuiltIn">
<arg>Page Text Extracted: ${page_text}</arg>
<doc>Logs the given message to the console.</doc>
<status status="PASS" start="2025-11-06T11:46:21.712317" elapsed="0.000278"/>
</kw>
<kw name="Run Keyword And Return Status" owner="BuiltIn">
<kw name="Should Contain" owner="BuiltIn">
<arg>${page_text}</arg>
<arg>${exp_text}</arg>
<doc>Fails if ``container`` does not contain ``item`` one or more times.</doc>
<status status="PASS" start="2025-11-06T11:46:21.713159" elapsed="0.000206"/>
</kw>
<msg time="2025-11-06T11:46:21.713550" level="INFO">${page_contains} = True</msg>
<var>${page_contains}</var>
<arg>Should Contain</arg>
<arg>${page_text}</arg>
<arg>${exp_text}</arg>
<doc>Runs the given keyword with given arguments and returns the status as a Boolean value.</doc>
<status status="PASS" start="2025-11-06T11:46:21.712921" elapsed="0.000664"/>
</kw>
<kw name="Log To Console" owner="BuiltIn">
<arg>Does the page contain expected text? ${page_contains}</arg>
<doc>Logs the given message to the console.</doc>
<status status="PASS" start="2025-11-06T11:46:21.714001" elapsed="0.000222"/>
</kw>
<if>
<branch type="IF" condition="'${page_contains}'=='False'">
<kw name="Fail" owner="BuiltIn">
<arg>Expected text: ${exp_text} not found in the page text: ${page_text}</arg>
<doc>Fails the test with the given message and optionally alters its tags.</doc>
<status status="NOT RUN" start="2025-11-06T11:46:21.714760" elapsed="0.000065"/>
</kw>
<status status="NOT RUN" start="2025-11-06T11:46:21.714460" elapsed="0.000500"/>
</branch>
<branch type="ELSE">
<kw name="Log To Console" owner="BuiltIn">
<arg>Expected text: ${exp_text} found in the page text: ${page_text}</arg>
<doc>Logs the given message to the console.</doc>
<status status="PASS" start="2025-11-06T11:46:21.715295" elapsed="0.000228"/>
</kw>
<status status="PASS" start="2025-11-06T11:46:21.715101" elapsed="0.000566"/>
</branch>
<status status="PASS" start="2025-11-06T11:46:21.714426" elapsed="0.001364"/>
</if>
<arg>${expected_text}</arg>
<arg>${start_chat_text_path}</arg>
<status status="PASS" start="2025-11-06T11:46:21.676060" elapsed="0.039797"/>
</kw>
<status status="PASS" start="2025-11-06T11:46:08.886185" elapsed="12.829843"/>
</kw>
<kw name="Wait and Click Element" owner="Customer_Recent_Chats">
<kw name="Wait Until Element Is Visible" owner="SeleniumLibrary">
<arg>${locator}</arg>
<arg>${timeout}</arg>
<doc>Waits until the element ``locator`` is visible.</doc>
<status status="PASS" start="2025-11-06T11:46:21.716781" elapsed="0.017807"/>
</kw>
<kw name="Click Element" owner="SeleniumLibrary">
<msg time="2025-11-06T11:46:21.735400" level="INFO">Clicking element '//button[normalize-space(.)='Where is my order?']'.</msg>
<arg>${locator}</arg>
<doc>Click the element identified by ``locator``.</doc>
<status status="PASS" start="2025-11-06T11:46:21.735121" elapsed="0.060021"/>
</kw>
<arg>${btn_order}</arg>
<status status="PASS" start="2025-11-06T11:46:21.716295" elapsed="0.079293"/>
</kw>
<kw name="Wait and Click Element" owner="Customer_Recent_Chats">
<kw name="Wait Until Element Is Visible" owner="SeleniumLibrary">
<arg>${locator}</arg>
<arg>${timeout}</arg>
<doc>Waits until the element ``locator`` is visible.</doc>
<status status="PASS" start="2025-11-06T11:46:21.796431" elapsed="0.320538"/>
</kw>
<kw name="Click Element" owner="SeleniumLibrary">
<msg time="2025-11-06T11:46:22.117990" level="INFO">Clicking element '//button[normalize-space(.)= "Quit chat"]'.</msg>
<arg>${locator}</arg>
<doc>Click the element identified by ``locator``.</doc>
<status status="PASS" start="2025-11-06T11:46:22.117558" elapsed="0.052484"/>
</kw>
<arg>${btn_quit}</arg>
<status status="PASS" start="2025-11-06T11:46:21.795935" elapsed="0.374749"/>
</kw>
<kw name="Wait and Click Element" owner="Customer_Recent_Chats">
<kw name="Wait Until Element Is Visible" owner="SeleniumLibrary">
<arg>${locator}</arg>
<arg>${timeout}</arg>
<doc>Waits until the element ``locator`` is visible.</doc>
<status status="PASS" start="2025-11-06T11:46:22.171964" elapsed="0.867318"/>
</kw>
<kw name="Click Element" owner="SeleniumLibrary">
<msg time="2025-11-06T11:46:23.039896" level="INFO">Clicking element '//button[normalize-space(.)= "Yes"]'.</msg>
<arg>${locator}</arg>
<doc>Click the element identified by ``locator``.</doc>
<status status="PASS" start="2025-11-06T11:46:23.039640" elapsed="0.044822"/>
</kw>
<arg>${btn_yes}</arg>
<status status="PASS" start="2025-11-06T11:46:22.171171" elapsed="0.913724"/>
</kw>
<kw name="Verify chat ended" owner="Customer_To_Agent_Chat">
<kw name="Wait Until Element Is Visible" owner="SeleniumLibrary">
<arg>${chat_session_end}</arg>
<arg>10s</arg>
<doc>Waits until the element ``locator`` is visible.</doc>
<status status="PASS" start="2025-11-06T11:46:23.085699" elapsed="0.705665"/>
</kw>
<status status="PASS" start="2025-11-06T11:46:23.085228" elapsed="0.706375"/>
</kw>
<kw name="End Chat from Customer Side" owner="Customer_To_Agent_Chat">
<kw name="Switch Browser" owner="SeleniumLibrary">
<arg>${AGENT_BROWSERS}[${browser_index}]</arg>
<doc>Switches between active browsers using ``index_or_alias``.</doc>
<status status="PASS" start="2025-11-06T11:46:23.792402" elapsed="0.000267"/>
</kw>
<kw name="Switch Window" owner="SeleniumLibrary">
<arg>MAIN</arg>
<doc>Switches to browser window matching ``locator``.</doc>
<status status="PASS" start="2025-11-06T11:46:23.793066" elapsed="0.002835"/>
</kw>
<kw name="Wait Until Element Is Visible" owner="SeleniumLibrary">
<arg>//span[@id="dvc-chat-header-exit"]</arg>
<doc>Waits until the element ``locator`` is visible.</doc>
<status status="PASS" start="2025-11-06T11:46:23.796273" elapsed="0.015596"/>
</kw>
<kw name="Click Element" owner="SeleniumLibrary">
<msg time="2025-11-06T11:46:23.812460" level="INFO">Clicking element '//span[@id="dvc-chat-header-exit"]'.</msg>
<arg>//span[@id="dvc-chat-header-exit"]</arg>
<doc>Click the element identified by ``locator``.</doc>
<status status="PASS" start="2025-11-06T11:46:23.812223" elapsed="0.101319"/>
</kw>
<kw name="Sleep" owner="BuiltIn">
<msg time="2025-11-06T11:46:27.914839" level="INFO">Slept 4 seconds.</msg>
<arg>4s</arg>
<doc>Pauses the test executed for the given time.</doc>
<status status="PASS" start="2025-11-06T11:46:23.914354" elapsed="4.000871"/>
</kw>
<kw name="Wait Until Element Is Visible" owner="SeleniumLibrary">
<arg>//span[text()="Submit"]</arg>
<arg>10</arg>
<doc>Waits until the element ``locator`` is visible.</doc>
<status status="PASS" start="2025-11-06T11:46:27.916893" elapsed="0.028057"/>
</kw>
<kw name="Click Element" owner="SeleniumLibrary">
<msg time="2025-11-06T11:46:27.945535" level="INFO">Clicking element '//span[text()="Submit"]'.</msg>
<arg>//span[text()="Submit"]</arg>
<doc>Click the element identified by ``locator``.</doc>
<status status="PASS" start="2025-11-06T11:46:27.945315" elapsed="0.049046"/>
</kw>
<kw name="Sleep" owner="BuiltIn">
<msg time="2025-11-06T11:46:29.995879" level="INFO">Slept 2 seconds.</msg>
<arg>2s</arg>
<doc>Pauses the test executed for the given time.</doc>
<status status="PASS" start="2025-11-06T11:46:27.995335" elapsed="2.000927"/>
</kw>
<arg>0</arg>
<status status="PASS" start="2025-11-06T11:46:23.791950" elapsed="6.206099"/>
</kw>
<status status="PASS" start="2025-11-06T11:46:08.885805" elapsed="21.113277"/>
</kw>
<kw name="Close All Browsers" owner="SeleniumLibrary" type="TEARDOWN">
<doc>Closes all open browsers and resets the browser cache.</doc>
<status status="PASS" start="2025-11-06T11:46:30.000746" elapsed="0.079066"/>
</kw>
<doc>This test case is to initiate a chat from the customer side to virtual agent for homeal and confirm where is my order then quit the chat</doc>
<tag>14</tag>
<tag>CVACHAT_14</tag>
<tag>homeal</tag>
<status status="PASS" start="2025-11-06T11:46:08.885112" elapsed="21.195128"/>
</test>
<test id="s1-t3" name="Initiate customer chat for homeal and raise a complaint regarding refund issue" line="79">
<kw name="Initiate customer chat for homeal and raise a complaint regarding refund issue" owner="Customer_To_Agent_Chat">
<kw name="start homeal chat" owner="Customer_To_Agent_Chat">
<kw name="Create List" owner="BuiltIn">
<msg time="2025-11-06T11:46:30.183849" level="INFO">${AGENT_BROWSERS} = []</msg>
<var>${AGENT_BROWSERS}</var>
<doc>Returns a list containing given items.</doc>
<status status="PASS" start="2025-11-06T11:46:30.183672" elapsed="0.000214"/>
</kw>
<kw name="Set Global Variable" owner="BuiltIn">
<msg time="2025-11-06T11:46:30.184563" level="INFO">${AGENT_BROWSERS} = []</msg>
<arg>${AGENT_BROWSERS}</arg>
<doc>Makes a variable available globally in all tests and suites.</doc>
<status status="PASS" start="2025-11-06T11:46:30.184331" elapsed="0.000288"/>
</kw>
<kw name="Initiate customer chat" owner="Customer_To_Agent_Chat">
<kw name="Start TestCase" owner="common_login">
<kw name="options_prop" owner="importfile">
<msg time="2025-11-06T11:46:30.186252" level="INFO">====== WebDriver manager ======</msg>
<msg time="2025-11-06T11:46:30.248633" level="INFO">Get LATEST chromedriver version for google-chrome</msg>
<msg time="2025-11-06T11:46:30.316492" level="INFO">Get LATEST chromedriver version for google-chrome</msg>
<msg time="2025-11-06T11:46:30.393449" level="INFO">Driver [/home/rohitbansal/.wdm/drivers/chromedriver/linux64/142.0.7444.61/chromedriver-linux64/chromedriver] found in cache</msg>
<msg time="2025-11-06T11:46:30.394294" level="INFO">${opt} = &lt;selenium.webdriver.chrome.options.Options object at 0x754c66bbb8f0&gt;</msg>
<msg time="2025-11-06T11:46:30.394522" level="INFO">${service} = &lt;selenium.webdriver.chrome.service.Service object at 0x754c69752510&gt;</msg>
<var>${opt}</var>
<var>${service}</var>
<status status="PASS" start="2025-11-06T11:46:30.186025" elapsed="0.208659"/>
</kw>
<kw name="Run Keyword If" owner="BuiltIn">
<kw name="Open Browser" owner="SeleniumLibrary">
<msg time="2025-11-06T11:46:30.399209" level="INFO">Opening browser 'Chrome' to base url 'https://dev.sample-server.nouveau-labs.in/'.</msg>
<arg>${LOGIN_URL1}</arg>
<arg>${BROWSER}</arg>
<arg>options=${opt}</arg>
<arg>service=${service}</arg>
<doc>Opens a new browser instance to the optional ``url``.</doc>
<status status="PASS" start="2025-11-06T11:46:30.398194" elapsed="1.398977"/>
</kw>
<arg>'${BROWSER}'=='Chrome'</arg>
<arg>Open Browser</arg>
<arg>${LOGIN_URL1}</arg>
<arg>${BROWSER}</arg>
<arg>options=${opt}</arg>
<arg>service=${service}</arg>
<arg>ELSE IF</arg>
<arg>'${BROWSER}'=='edge'</arg>
<arg>Open Browser</arg>
<arg>${LOGIN_URL1}</arg>
<arg>${BROWSER}</arg>
<arg>options=add_argument("--use-fake-ui-for-media-stream");add_argument("--use-fake-device-for-media-stream")</arg>
<arg>ELSE</arg>
<arg>Open Browser</arg>
<arg>${LOGIN_URL1}</arg>
<arg>${BROWSER}</arg>
<arg>options=set_preference("media.navigator.permission.disabled", True)</arg>
<doc>Runs the given keyword with the given arguments, if ``condition`` is true.</doc>
<status status="PASS" start="2025-11-06T11:46:30.396526" elapsed="1.401284"/>
</kw>
<kw name="Maximize Browser Window" owner="SeleniumLibrary">
<doc>Maximizes current browser window.</doc>
<status status="PASS" start="2025-11-06T11:46:31.798664" elapsed="0.167618"/>
</kw>
<arg>${Customer_URL}</arg>
<status status="PASS" start="2025-11-06T11:46:30.185640" elapsed="1.781165"/>
</kw>
<kw name="Get Browser Ids" owner="SeleniumLibrary">
<msg time="2025-11-06T11:46:31.967943" level="INFO">${Customer_browsers} = [1]</msg>
<var>${Customer_browsers}</var>
<doc>Returns index of all active browser as list.</doc>
<status status="PASS" start="2025-11-06T11:46:31.967430" elapsed="0.000590"/>
</kw>
<kw name="Log To Console" owner="BuiltIn">
<arg>Current Browsers: ${Customer_browsers}</arg>
<doc>Logs the given message to the console.</doc>
<status status="PASS" start="2025-11-06T11:46:31.969037" elapsed="0.000518"/>
</kw>
<kw name="Set Variable" owner="BuiltIn">
<msg time="2025-11-06T11:46:31.970788" level="INFO">${C_Browser1} = 1</msg>
<var>${C_Browser1}</var>
<arg>${Customer_browsers}[-1]</arg>
<doc>Returns the given values which can then be assigned to a variables.</doc>
<status status="PASS" start="2025-11-06T11:46:31.970274" elapsed="0.000590"/>
</kw>
<kw name="Set Global Variable" owner="BuiltIn">
<msg time="2025-11-06T11:46:31.972268" level="INFO">${C_Browser1} = 1</msg>
<arg>${C_Browser1}</arg>
<doc>Makes a variable available globally in all tests and suites.</doc>
<status status="PASS" start="2025-11-06T11:46:31.971764" elapsed="0.000618"/>
</kw>
<kw name="Log To Console" owner="BuiltIn">
<arg>Current Customer Browser ID: ${C_Browser1}</arg>
<doc>Logs the given message to the console.</doc>
<status status="PASS" start="2025-11-06T11:46:31.973335" elapsed="0.000549"/>
</kw>
<kw name="Append To List" owner="Collections">
<arg>${AGENT_BROWSERS}</arg>
<arg>${C_Browser1}</arg>
<doc>Adds ``values`` to the end of ``list``.</doc>
<status status="PASS" start="2025-11-06T11:46:31.974630" elapsed="0.000576"/>
</kw>
<kw name="Maximize Browser Window" owner="SeleniumLibrary">
<doc>Maximizes current browser window.</doc>
<status status="PASS" start="2025-11-06T11:46:31.975811" elapsed="0.003254"/>
</kw>
<kw name="Click Element" owner="SeleniumLibrary">
<msg time="2025-11-06T11:46:31.980251" level="INFO">Clicking element '//input[@id="sample-app-server-dropdown"]'.</msg>
<arg>${Server_URL}</arg>
<doc>Click the element identified by ``locator``.</doc>
<status status="PASS" start="2025-11-06T11:46:31.979698" elapsed="0.164304"/>
</kw>
<kw name="Wait Until Element Is Visible" owner="SeleniumLibrary">
<arg>${Enter_Server_URL}</arg>
<arg>10</arg>
<doc>Waits until the element ``locator`` is visible.</doc>
<status status="PASS" start="2025-11-06T11:46:32.145235" elapsed="0.241367"/>
</kw>
<kw name="Input Text" owner="SeleniumLibrary">
<msg time="2025-11-06T11:46:32.391943" level="INFO">Typing text 'https://callsphere.evolvecx.nouveau-labs.in' into text field '//input[@id="sample-app-server-input-box"]'.</msg>
<arg>${Enter_Server_URL}</arg>
<arg>${Input_Server_URL}</arg>
<doc>Types the given ``text`` into the text field identified by ``locator``.</doc>
<status status="PASS" start="2025-11-06T11:46:32.390897" elapsed="0.264871"/>
</kw>
<kw name="Click Element" owner="SeleniumLibrary">
<msg time="2025-11-06T11:46:32.656851" level="INFO">Clicking element '//button[@id="sample-app-server-add-button"]'.</msg>
<arg>${Add_Server_URL}</arg>
<doc>Click the element identified by ``locator``.</doc>
<status status="PASS" start="2025-11-06T11:46:32.656544" elapsed="0.105761"/>
</kw>
<kw name="Click Element" owner="SeleniumLibrary">
<msg time="2025-11-06T11:46:32.763714" level="INFO">Clicking element '//input[@id="sample-app-chat-virtual-agent-dropdown"]'.</msg>
<arg>${Virtual_chat_dropdown}</arg>
<doc>Click the element identified by ``locator``.</doc>
<status status="PASS" start="2025-11-06T11:46:32.763196" elapsed="0.084034"/>
</kw>
<kw name="Wait Until Element Is Visible" owner="SeleniumLibrary">
<arg>${Virtual_chat_box_input}</arg>
<arg>10</arg>
<doc>Waits until the element ``locator`` is visible.</doc>
<status status="PASS" start="2025-11-06T11:46:32.848041" elapsed="0.246998"/>
</kw>
<kw name="Input Text" owner="SeleniumLibrary">
<msg time="2025-11-06T11:46:33.095714" level="INFO">Typing text 'homeal@support.com' into text field '//input[@id="sample-app-chat-virtual-agent-input-box"]'.</msg>
<arg>${Virtual_chat_box_input}</arg>
<arg>${chat_agent}</arg>
<doc>Types the given ``text`` into the text field identified by ``locator``.</doc>
<status status="PASS" start="2025-11-06T11:46:33.095421" elapsed="0.109107"/>
</kw>
<kw name="Click Element" owner="SeleniumLibrary">
<msg time="2025-11-06T11:46:33.205455" level="INFO">Clicking element '//button[@id="sample-app-chat-virtual-agent-add-button"]'.</msg>
<arg>${Add_Virtual_Chat_button}</arg>
<doc>Click the element identified by ``locator``.</doc>
<status status="PASS" start="2025-11-06T11:46:33.205138" elapsed="0.075088"/>
</kw>
<kw name="Click Element" owner="SeleniumLibrary">
<msg time="2025-11-06T11:46:33.281397" level="INFO">Clicking element '//button[@id="sample-app-chat-button"]'.</msg>
<arg>${Initiate_chat}</arg>
<doc>Click the element identified by ``locator``.</doc>
<status status="PASS" start="2025-11-06T11:46:33.281073" elapsed="0.164355"/>
</kw>
<kw name="Wait Until Element Is Visible" owner="SeleniumLibrary">
<arg>${Full_name}</arg>
<arg>10</arg>
<doc>Waits until the element ``locator`` is visible.</doc>
<status status="PASS" start="2025-11-06T11:46:33.446165" elapsed="0.285280"/>
</kw>
<kw name="Input Text" owner="SeleniumLibrary">
<msg time="2025-11-06T11:46:33.732100" level="INFO">Typing text 'DolphinCX Customer' into text field '//input[@id="full_name"]'.</msg>
<arg>${Full_name}</arg>
<arg>${Customer_name}</arg>
<doc>Types the given ``text`` into the text field identified by ``locator``.</doc>
<status status="PASS" start="2025-11-06T11:46:33.731820" elapsed="0.159271"/>
</kw>
<kw name="Input Text" owner="SeleniumLibrary">
<msg time="2025-11-06T11:46:33.893316" level="INFO">Typing text 'dolphincx@cus.com' into text field '//input[@id="email"]'.</msg>
<arg>${Customer_mail_add}</arg>
<arg>${Customer_email}</arg>
<doc>Types the given ``text`` into the text field identified by ``locator``.</doc>
<status status="PASS" start="2025-11-06T11:46:33.892834" elapsed="0.174179"/>
</kw>
<kw name="Input Text" owner="SeleniumLibrary">
<msg time="2025-11-06T11:46:34.069092" level="INFO">Typing text '9944776655' into text field '//input[@placeholder="Mobile Number"]'.</msg>
<arg>${Mobile_number}</arg>
<arg>${globalp_cust_number}</arg>
<doc>Types the given ``text`` into the text field identified by ``locator``.</doc>
<status status="PASS" start="2025-11-06T11:46:34.067797" elapsed="0.161347"/>
</kw>
<kw name="Click Element" owner="SeleniumLibrary">
<msg time="2025-11-06T11:46:34.231455" level="INFO">Clicking element '//button[@type="submit"]'.</msg>
<arg>${Submit}</arg>
<doc>Click the element identified by ``locator``.</doc>
<status status="PASS" start="2025-11-06T11:46:34.231018" elapsed="0.126622"/>
</kw>
<kw name="Input Text" owner="SeleniumLibrary">
<msg time="2025-11-06T11:46:34.359094" level="INFO">Typing text '6' into text field '//input[@aria-label="Please enter OTP character 1"]'.</msg>
<arg>${otp_1}</arg>
<arg>6</arg>
<doc>Types the given ``text`` into the text field identified by ``locator``.</doc>
<status status="PASS" start="2025-11-06T11:46:34.358575" elapsed="0.070397"/>
</kw>
<kw name="Input Text" owner="SeleniumLibrary">
<msg time="2025-11-06T11:46:34.430134" level="INFO">Typing text '3' into text field '//input[@aria-label="Please enter OTP character 2"]'.</msg>
<arg>${otp_2}</arg>
<arg>3</arg>
<doc>Types the given ``text`` into the text field identified by ``locator``.</doc>
<status status="PASS" start="2025-11-06T11:46:34.429789" elapsed="0.070833"/>
</kw>
<kw name="Input Text" owner="SeleniumLibrary">
<msg time="2025-11-06T11:46:34.502732" level="INFO">Typing text '7' into text field '//input[@aria-label="Please enter OTP character 3"]'.</msg>
<arg>${otp_3}</arg>
<arg>7</arg>
<doc>Types the given ``text`` into the text field identified by ``locator``.</doc>
<status status="PASS" start="2025-11-06T11:46:34.501553" elapsed="0.077171"/>
</kw>
<kw name="Input Text" owner="SeleniumLibrary">
<msg time="2025-11-06T11:46:34.579675" level="INFO">Typing text '9' into text field '//input[@aria-label="Please enter OTP character 4"]'.</msg>
<arg>${otp_4}</arg>
<arg>9</arg>
<doc>Types the given ``text`` into the text field identified by ``locator``.</doc>
<status status="PASS" start="2025-11-06T11:46:34.579380" elapsed="0.084559"/>
</kw>
<kw name="Sleep" owner="BuiltIn">
<msg time="2025-11-06T11:46:42.665080" level="INFO">Slept 8 seconds.</msg>
<arg>8s</arg>
<doc>Pauses the test executed for the given time.</doc>
<status status="PASS" start="2025-11-06T11:46:34.664579" elapsed="8.000907"/>
</kw>
<arg>${Input_Virtual_Chat_Agent}</arg>
<status status="PASS" start="2025-11-06T11:46:30.185181" elapsed="12.482063"/>
</kw>
<kw name="Page Should Contain" owner="SeleniumLibrary">
<msg time="2025-11-06T11:46:42.731253" level="INFO">Current page contains text 'Welcome. Please wait while we connect with an agent.'.</msg>
<arg>${verification_text}</arg>
<doc>Verifies that current page contains ``text``.</doc>
<status status="PASS" start="2025-11-06T11:46:42.668897" elapsed="0.062482"/>
</kw>
<kw name="Check Text On ChatPage" owner="Customer_To_Agent_Chat">
<kw name="Wait Until Element Is Visible" owner="SeleniumLibrary">
<arg>xpath=${x_path}</arg>
<arg>10</arg>
<doc>Waits until the element ``locator`` is visible.</doc>
<status status="PASS" start="2025-11-06T11:46:42.732892" elapsed="0.015622"/>
</kw>
<kw name="Get Text" owner="SeleniumLibrary">
<msg time="2025-11-06T11:46:42.765636" level="INFO">${page_text} = Reena added to the chat</msg>
<var>${page_text}</var>
<arg>xpath=${x_path}</arg>
<doc>Returns the text value of the element identified by ``locator``.</doc>
<status status="PASS" start="2025-11-06T11:46:42.748875" elapsed="0.016826"/>
</kw>
<kw name="Log To Console" owner="BuiltIn">
<arg>Page Text Extracted: ${page_text}</arg>
<doc>Logs the given message to the console.</doc>
<status status="PASS" start="2025-11-06T11:46:42.766291" elapsed="0.000274"/>
</kw>
<kw name="Run Keyword And Return Status" owner="BuiltIn">
<kw name="Should Contain" owner="BuiltIn">
<arg>${page_text}</arg>
<arg>${exp_text}</arg>
<doc>Fails if ``container`` does not contain ``item`` one or more times.</doc>
<status status="PASS" start="2025-11-06T11:46:42.767094" elapsed="0.000194"/>
</kw>
<msg time="2025-11-06T11:46:42.767557" level="INFO">${page_contains} = True</msg>
<var>${page_contains}</var>
<arg>Should Contain</arg>
<arg>${page_text}</arg>
<arg>${exp_text}</arg>
<doc>Runs the given keyword with given arguments and returns the status as a Boolean value.</doc>
<status status="PASS" start="2025-11-06T11:46:42.766868" elapsed="0.000747"/>
</kw>
<kw name="Log To Console" owner="BuiltIn">
<arg>Does the page contain expected text? ${page_contains}</arg>
<doc>Logs the given message to the console.</doc>
<status status="PASS" start="2025-11-06T11:46:42.768426" elapsed="0.000438"/>
</kw>
<if>
<branch type="IF" condition="'${page_contains}'=='False'">
<kw name="Fail" owner="BuiltIn">
<arg>Expected text: ${exp_text} not found in the page text: ${page_text}</arg>
<doc>Fails the test with the given message and optionally alters its tags.</doc>
<status status="NOT RUN" start="2025-11-06T11:46:42.769424" elapsed="0.000062"/>
</kw>
<status status="NOT RUN" start="2025-11-06T11:46:42.769115" elapsed="0.000507"/>
</branch>
<branch type="ELSE">
<kw name="Log To Console" owner="BuiltIn">
<arg>Expected text: ${exp_text} found in the page text: ${page_text}</arg>
<doc>Logs the given message to the console.</doc>
<status status="PASS" start="2025-11-06T11:46:42.769946" elapsed="0.000226"/>
</kw>
<status status="PASS" start="2025-11-06T11:46:42.769762" elapsed="0.000543"/>
</branch>
<status status="PASS" start="2025-11-06T11:46:42.769082" elapsed="0.001341"/>
</if>
<arg>${expected_text}</arg>
<arg>${start_chat_text_path}</arg>
<status status="PASS" start="2025-11-06T11:46:42.732174" elapsed="0.038311"/>
</kw>
<status status="PASS" start="2025-11-06T11:46:30.183344" elapsed="12.587294"/>
</kw>
<kw name="Wait and Click Element" owner="Customer_Recent_Chats">
<kw name="Wait Until Element Is Visible" owner="SeleniumLibrary">
<arg>${locator}</arg>
<arg>${timeout}</arg>
<doc>Waits until the element ``locator`` is visible.</doc>
<status status="PASS" start="2025-11-06T11:46:42.771315" elapsed="0.015208"/>
</kw>
<kw name="Click Element" owner="SeleniumLibrary">
<msg time="2025-11-06T11:46:42.787175" level="INFO">Clicking element '//button[normalize-space(.)='Raise a complaint']'.</msg>
<arg>${locator}</arg>
<doc>Click the element identified by ``locator``.</doc>
<status status="PASS" start="2025-11-06T11:46:42.786919" elapsed="0.060630"/>
</kw>
<arg>${btn_complaint}</arg>
<status status="PASS" start="2025-11-06T11:46:42.770903" elapsed="0.077252"/>
</kw>
<kw name="Wait and Click Element" owner="Customer_Recent_Chats">
<kw name="Wait Until Element Is Visible" owner="SeleniumLibrary">
<arg>${locator}</arg>
<arg>${timeout}</arg>
<doc>Waits until the element ``locator`` is visible.</doc>
<status status="PASS" start="2025-11-06T11:46:42.849239" elapsed="0.793614"/>
</kw>
<kw name="Click Element" owner="SeleniumLibrary">
<msg time="2025-11-06T11:46:43.643493" level="INFO">Clicking element '//button[normalize-space(.)='I am facing issue with refund']'.</msg>
<arg>${locator}</arg>
<doc>Click the element identified by ``locator``.</doc>
<status status="PASS" start="2025-11-06T11:46:43.643239" elapsed="0.088631"/>
</kw>
<arg>${btn_issue_refund}</arg>
<status status="PASS" start="2025-11-06T11:46:42.848637" elapsed="0.883741"/>
</kw>
<kw name="Wait and Click Element" owner="Customer_Recent_Chats">
<kw name="Wait Until Element Is Visible" owner="SeleniumLibrary">
<arg>${locator}</arg>
<arg>${timeout}</arg>
<doc>Waits until the element ``locator`` is visible.</doc>
<status status="PASS" start="2025-11-06T11:46:43.733601" elapsed="0.795925"/>
</kw>
<kw name="Click Element" owner="SeleniumLibrary">
<msg time="2025-11-06T11:46:44.530127" level="INFO">Clicking element '//button[normalize-space(.)= 'No']'.</msg>
<arg>${locator}</arg>
<doc>Click the element identified by ``locator``.</doc>
<status status="PASS" start="2025-11-06T11:46:44.529884" elapsed="0.046500"/>
</kw>
<arg>${btn_no}</arg>
<status status="PASS" start="2025-11-06T11:46:43.732869" elapsed="0.843994"/>
</kw>
<kw name="Verify chat ended" owner="Customer_To_Agent_Chat">
<kw name="Wait Until Element Is Visible" owner="SeleniumLibrary">
<arg>${chat_session_end}</arg>
<arg>10s</arg>
<doc>Waits until the element ``locator`` is visible.</doc>
<status status="PASS" start="2025-11-06T11:46:44.577754" elapsed="0.893111"/>
</kw>
<status status="PASS" start="2025-11-06T11:46:44.577325" elapsed="0.893777"/>
</kw>
<kw name="End Chat from Customer Side" owner="Customer_To_Agent_Chat">
<kw name="Switch Browser" owner="SeleniumLibrary">
<arg>${AGENT_BROWSERS}[${browser_index}]</arg>
<doc>Switches between active browsers using ``index_or_alias``.</doc>
<status status="PASS" start="2025-11-06T11:46:45.471875" elapsed="0.000267"/>
</kw>
<kw name="Switch Window" owner="SeleniumLibrary">
<arg>MAIN</arg>
<doc>Switches to browser window matching ``locator``.</doc>
<status status="PASS" start="2025-11-06T11:46:45.472392" elapsed="0.002608"/>
</kw>
<kw name="Wait Until Element Is Visible" owner="SeleniumLibrary">
<arg>//span[@id="dvc-chat-header-exit"]</arg>
<doc>Waits until the element ``locator`` is visible.</doc>
<status status="PASS" start="2025-11-06T11:46:45.475336" elapsed="0.015663"/>
</kw>
<kw name="Click Element" owner="SeleniumLibrary">
<msg time="2025-11-06T11:46:45.491600" level="INFO">Clicking element '//span[@id="dvc-chat-header-exit"]'.</msg>
<arg>//span[@id="dvc-chat-header-exit"]</arg>
<doc>Click the element identified by ``locator``.</doc>
<status status="PASS" start="2025-11-06T11:46:45.491361" elapsed="0.087791"/>
</kw>
<kw name="Sleep" owner="BuiltIn">
<msg time="2025-11-06T11:46:49.580296" level="INFO">Slept 4 seconds.</msg>
<arg>4s</arg>
<doc>Pauses the test executed for the given time.</doc>
<status status="PASS" start="2025-11-06T11:46:45.579770" elapsed="4.000960"/>
</kw>
<kw name="Wait Until Element Is Visible" owner="SeleniumLibrary">
<arg>//span[text()="Submit"]</arg>
<arg>10</arg>
<doc>Waits until the element ``locator`` is visible.</doc>
<status status="PASS" start="2025-11-06T11:46:49.582907" elapsed="0.068108"/>
</kw>
<kw name="Click Element" owner="SeleniumLibrary">
<msg time="2025-11-06T11:46:49.653217" level="INFO">Clicking element '//span[text()="Submit"]'.</msg>
<arg>//span[text()="Submit"]</arg>
<doc>Click the element identified by ``locator``.</doc>
<status status="PASS" start="2025-11-06T11:46:49.652411" elapsed="0.072908"/>
</kw>
<kw name="Sleep" owner="BuiltIn">
<msg time="2025-11-06T11:46:51.726396" level="INFO">Slept 2 seconds.</msg>
<arg>2s</arg>
<doc>Pauses the test executed for the given time.</doc>
<status status="PASS" start="2025-11-06T11:46:49.725895" elapsed="2.000924"/>
</kw>
<arg>0</arg>
<status status="PASS" start="2025-11-06T11:46:45.471428" elapsed="6.257129"/>
</kw>
<status status="PASS" start="2025-11-06T11:46:30.182951" elapsed="21.546743"/>
</kw>
<kw name="Close All Browsers" owner="SeleniumLibrary" type="TEARDOWN">
<doc>Closes all open browsers and resets the browser cache.</doc>
<status status="PASS" start="2025-11-06T11:46:51.731267" elapsed="0.071863"/>
</kw>
<doc>This test case is to initiate a chat from the customer side to virtual agent for homeal and raise a complaint regarding refund issue</doc>
<tag>15</tag>
<tag>CVACHAT_15</tag>
<tag>homeal</tag>
<status status="PASS" start="2025-11-06T11:46:30.182274" elapsed="21.621744"/>
</test>
<test id="s1-t4" name="Initiate customer chat for homeal and raise a complaint regarding bill amount" line="84">
<kw name="Initiate customer chat for homeal and raise a complaint regarding bill amount" owner="Customer_To_Agent_Chat">
<kw name="start homeal chat" owner="Customer_To_Agent_Chat">
<kw name="Create List" owner="BuiltIn">
<msg time="2025-11-06T11:46:51.884743" level="INFO">${AGENT_BROWSERS} = []</msg>
<var>${AGENT_BROWSERS}</var>
<doc>Returns a list containing given items.</doc>
<status status="PASS" start="2025-11-06T11:46:51.884521" elapsed="0.000262"/>
</kw>
<kw name="Set Global Variable" owner="BuiltIn">
<msg time="2025-11-06T11:46:51.885710" level="INFO">${AGENT_BROWSERS} = []</msg>
<arg>${AGENT_BROWSERS}</arg>
<doc>Makes a variable available globally in all tests and suites.</doc>
<status status="PASS" start="2025-11-06T11:46:51.885420" elapsed="0.000366"/>
</kw>
<kw name="Initiate customer chat" owner="Customer_To_Agent_Chat">
<kw name="Start TestCase" owner="common_login">
<kw name="options_prop" owner="importfile">
<msg time="2025-11-06T11:46:51.889256" level="INFO">====== WebDriver manager ======</msg>
<msg time="2025-11-06T11:46:51.954991" level="INFO">Get LATEST chromedriver version for google-chrome</msg>
<msg time="2025-11-06T11:46:52.026151" level="INFO">Get LATEST chromedriver version for google-chrome</msg>
<msg time="2025-11-06T11:46:52.102576" level="INFO">Driver [/home/rohitbansal/.wdm/drivers/chromedriver/linux64/142.0.7444.61/chromedriver-linux64/chromedriver] found in cache</msg>
<msg time="2025-11-06T11:46:52.103198" level="INFO">${opt} = &lt;selenium.webdriver.chrome.options.Options object at 0x754c66bdbc80&gt;</msg>
<msg time="2025-11-06T11:46:52.103311" level="INFO">${service} = &lt;selenium.webdriver.chrome.service.Service object at 0x754c66bd1670&gt;</msg>
<var>${opt}</var>
<var>${service}</var>
<status status="PASS" start="2025-11-06T11:46:51.889014" elapsed="0.214357"/>
</kw>
<kw name="Run Keyword If" owner="BuiltIn">
<kw name="Open Browser" owner="SeleniumLibrary">
<msg time="2025-11-06T11:46:52.108423" level="INFO">Opening browser 'Chrome' to base url 'https://dev.sample-server.nouveau-labs.in/'.</msg>
<arg>${LOGIN_URL1}</arg>
<arg>${BROWSER}</arg>
<arg>options=${opt}</arg>
<arg>service=${service}</arg>
<doc>Opens a new browser instance to the optional ``url``.</doc>
<status status="PASS" start="2025-11-06T11:46:52.106804" elapsed="1.290334"/>
</kw>
<arg>'${BROWSER}'=='Chrome'</arg>
<arg>Open Browser</arg>
<arg>${LOGIN_URL1}</arg>
<arg>${BROWSER}</arg>
<arg>options=${opt}</arg>
<arg>service=${service}</arg>
<arg>ELSE IF</arg>
<arg>'${BROWSER}'=='edge'</arg>
<arg>Open Browser</arg>
<arg>${LOGIN_URL1}</arg>
<arg>${BROWSER}</arg>
<arg>options=add_argument("--use-fake-ui-for-media-stream");add_argument("--use-fake-device-for-media-stream")</arg>
<arg>ELSE</arg>
<arg>Open Browser</arg>
<arg>${LOGIN_URL1}</arg>
<arg>${BROWSER}</arg>
<arg>options=set_preference("media.navigator.permission.disabled", True)</arg>
<doc>Runs the given keyword with the given arguments, if ``condition`` is true.</doc>
<status status="PASS" start="2025-11-06T11:46:52.105625" elapsed="1.292109"/>
</kw>
<kw name="Maximize Browser Window" owner="SeleniumLibrary">
<doc>Maximizes current browser window.</doc>
<status status="PASS" start="2025-11-06T11:46:53.398317" elapsed="0.150007"/>
</kw>
<arg>${Customer_URL}</arg>
<status status="PASS" start="2025-11-06T11:46:51.888539" elapsed="1.660147"/>
</kw>
<kw name="Get Browser Ids" owner="SeleniumLibrary">
<msg time="2025-11-06T11:46:53.549963" level="INFO">${Customer_browsers} = [1]</msg>
<var>${Customer_browsers}</var>
<doc>Returns index of all active browser as list.</doc>
<status status="PASS" start="2025-11-06T11:46:53.549215" elapsed="0.000862"/>
</kw>
<kw name="Log To Console" owner="BuiltIn">
<arg>Current Browsers: ${Customer_browsers}</arg>
<doc>Logs the given message to the console.</doc>
<status status="PASS" start="2025-11-06T11:46:53.552290" elapsed="0.000482"/>
</kw>
<kw name="Set Variable" owner="BuiltIn">
<msg time="2025-11-06T11:46:53.553717" level="INFO">${C_Browser1} = 1</msg>
<var>${C_Browser1}</var>
<arg>${Customer_browsers}[-1]</arg>
<doc>Returns the given values which can then be assigned to a variables.</doc>
<status status="PASS" start="2025-11-06T11:46:53.553185" elapsed="0.000624"/>
</kw>
<kw name="Set Global Variable" owner="BuiltIn">
<msg time="2025-11-06T11:46:53.555070" level="INFO">${C_Browser1} = 1</msg>
<arg>${C_Browser1}</arg>
<doc>Makes a variable available globally in all tests and suites.</doc>
<status status="PASS" start="2025-11-06T11:46:53.554628" elapsed="0.000589"/>
</kw>
<kw name="Log To Console" owner="BuiltIn">
<arg>Current Customer Browser ID: ${C_Browser1}</arg>
<doc>Logs the given message to the console.</doc>
<status status="PASS" start="2025-11-06T11:46:53.556171" elapsed="0.000434"/>
</kw>
<kw name="Append To List" owner="Collections">
<arg>${AGENT_BROWSERS}</arg>
<arg>${C_Browser1}</arg>
<doc>Adds ``values`` to the end of ``list``.</doc>
<status status="PASS" start="2025-11-06T11:46:53.557434" elapsed="0.000764"/>
</kw>
<kw name="Maximize Browser Window" owner="SeleniumLibrary">
<doc>Maximizes current browser window.</doc>
<status status="PASS" start="2025-11-06T11:46:53.558844" elapsed="0.002457"/>
</kw>
<kw name="Click Element" owner="SeleniumLibrary">
<msg time="2025-11-06T11:46:53.562293" level="INFO">Clicking element '//input[@id="sample-app-server-dropdown"]'.</msg>
<arg>${Server_URL}</arg>
<doc>Click the element identified by ``locator``.</doc>
<status status="PASS" start="2025-11-06T11:46:53.561736" elapsed="0.153985"/>
</kw>
<kw name="Wait Until Element Is Visible" owner="SeleniumLibrary">
<arg>${Enter_Server_URL}</arg>
<arg>10</arg>
<doc>Waits until the element ``locator`` is visible.</doc>
<status status="PASS" start="2025-11-06T11:46:53.716324" elapsed="0.278223"/>
</kw>
<kw name="Input Text" owner="SeleniumLibrary">
<msg time="2025-11-06T11:46:53.995532" level="INFO">Typing text 'https://callsphere.evolvecx.nouveau-labs.in' into text field '//input[@id="sample-app-server-input-box"]'.</msg>
<arg>${Enter_Server_URL}</arg>
<arg>${Input_Server_URL}</arg>
<doc>Types the given ``text`` into the text field identified by ``locator``.</doc>
<status status="PASS" start="2025-11-06T11:46:53.995103" elapsed="0.206568"/>
</kw>
<kw name="Click Element" owner="SeleniumLibrary">
<msg time="2025-11-06T11:46:54.202882" level="INFO">Clicking element '//button[@id="sample-app-server-add-button"]'.</msg>
<arg>${Add_Server_URL}</arg>
<doc>Click the element identified by ``locator``.</doc>
<status status="PASS" start="2025-11-06T11:46:54.202484" elapsed="0.109680"/>
</kw>
<kw name="Click Element" owner="SeleniumLibrary">
<msg time="2025-11-06T11:46:54.313267" level="INFO">Clicking element '//input[@id="sample-app-chat-virtual-agent-dropdown"]'.</msg>
<arg>${Virtual_chat_dropdown}</arg>
<doc>Click the element identified by ``locator``.</doc>
<status status="PASS" start="2025-11-06T11:46:54.312944" elapsed="0.096113"/>
</kw>
<kw name="Wait Until Element Is Visible" owner="SeleniumLibrary">
<arg>${Virtual_chat_box_input}</arg>
<arg>10</arg>
<doc>Waits until the element ``locator`` is visible.</doc>
<status status="PASS" start="2025-11-06T11:46:54.409774" elapsed="0.246069"/>
</kw>
<kw name="Input Text" owner="SeleniumLibrary">
<msg time="2025-11-06T11:46:54.656793" level="INFO">Typing text 'homeal@support.com' into text field '//input[@id="sample-app-chat-virtual-agent-input-box"]'.</msg>
<arg>${Virtual_chat_box_input}</arg>
<arg>${chat_agent}</arg>
<doc>Types the given ``text`` into the text field identified by ``locator``.</doc>
<status status="PASS" start="2025-11-06T11:46:54.656382" elapsed="0.113388"/>
</kw>
<kw name="Click Element" owner="SeleniumLibrary">
<msg time="2025-11-06T11:46:54.770865" level="INFO">Clicking element '//button[@id="sample-app-chat-virtual-agent-add-button"]'.</msg>
<arg>${Add_Virtual_Chat_button}</arg>
<doc>Click the element identified by ``locator``.</doc>
<status status="PASS" start="2025-11-06T11:46:54.770502" elapsed="0.089897"/>
</kw>
<kw name="Click Element" owner="SeleniumLibrary">
<msg time="2025-11-06T11:46:54.861902" level="INFO">Clicking element '//button[@id="sample-app-chat-button"]'.</msg>
<arg>${Initiate_chat}</arg>
<doc>Click the element identified by ``locator``.</doc>
<status status="PASS" start="2025-11-06T11:46:54.861419" elapsed="0.176039"/>
</kw>
<kw name="Wait Until Element Is Visible" owner="SeleniumLibrary">
<arg>${Full_name}</arg>
<arg>10</arg>
<doc>Waits until the element ``locator`` is visible.</doc>
<status status="PASS" start="2025-11-06T11:46:55.038143" elapsed="0.327868"/>
</kw>
<kw name="Input Text" owner="SeleniumLibrary">
<msg time="2025-11-06T11:46:55.368543" level="INFO">Typing text 'DolphinCX Customer' into text field '//input[@id="full_name"]'.</msg>
<arg>${Full_name}</arg>
<arg>${Customer_name}</arg>
<doc>Types the given ``text`` into the text field identified by ``locator``.</doc>
<status status="PASS" start="2025-11-06T11:46:55.367460" elapsed="0.178009"/>
</kw>
<kw name="Input Text" owner="SeleniumLibrary">
<msg time="2025-11-06T11:46:55.550146" level="INFO">Typing text 'dolphincx@cus.com' into text field '//input[@id="email"]'.</msg>
<arg>${Customer_mail_add}</arg>
<arg>${Customer_email}</arg>
<doc>Types the given ``text`` into the text field identified by ``locator``.</doc>
<status status="PASS" start="2025-11-06T11:46:55.548505" elapsed="0.207450"/>
</kw>
<kw name="Input Text" owner="SeleniumLibrary">
<msg time="2025-11-06T11:46:55.757553" level="INFO">Typing text '9944776655' into text field '//input[@placeholder="Mobile Number"]'.</msg>
<arg>${Mobile_number}</arg>
<arg>${globalp_cust_number}</arg>
<doc>Types the given ``text`` into the text field identified by ``locator``.</doc>
<status status="PASS" start="2025-11-06T11:46:55.756786" elapsed="0.270421"/>
</kw>
<kw name="Click Element" owner="SeleniumLibrary">
<msg time="2025-11-06T11:46:56.028213" level="INFO">Clicking element '//button[@type="submit"]'.</msg>
<arg>${Submit}</arg>
<doc>Click the element identified by ``locator``.</doc>
<status status="PASS" start="2025-11-06T11:46:56.027884" elapsed="0.139990"/>
</kw>
<kw name="Input Text" owner="SeleniumLibrary">
<msg time="2025-11-06T11:46:56.169212" level="INFO">Typing text '6' into text field '//input[@aria-label="Please enter OTP character 1"]'.</msg>
<arg>${otp_1}</arg>
<arg>6</arg>
<doc>Types the given ``text`` into the text field identified by ``locator``.</doc>
<status status="PASS" start="2025-11-06T11:46:56.168770" elapsed="0.075028"/>
</kw>
<kw name="Input Text" owner="SeleniumLibrary">
<msg time="2025-11-06T11:46:56.244803" level="INFO">Typing text '3' into text field '//input[@aria-label="Please enter OTP character 2"]'.</msg>
<arg>${otp_2}</arg>
<arg>3</arg>
<doc>Types the given ``text`` into the text field identified by ``locator``.</doc>
<status status="PASS" start="2025-11-06T11:46:56.244501" elapsed="0.076762"/>
</kw>
<kw name="Input Text" owner="SeleniumLibrary">
<msg time="2025-11-06T11:46:56.323195" level="INFO">Typing text '7' into text field '//input[@aria-label="Please enter OTP character 3"]'.</msg>
<arg>${otp_3}</arg>
<arg>7</arg>
<doc>Types the given ``text`` into the text field identified by ``locator``.</doc>
<status status="PASS" start="2025-11-06T11:46:56.322832" elapsed="0.071660"/>
</kw>
<kw name="Input Text" owner="SeleniumLibrary">
<msg time="2025-11-06T11:46:56.395543" level="INFO">Typing text '9' into text field '//input[@aria-label="Please enter OTP character 4"]'.</msg>
<arg>${otp_4}</arg>
<arg>9</arg>
<doc>Types the given ``text`` into the text field identified by ``locator``.</doc>
<status status="PASS" start="2025-11-06T11:46:56.395223" elapsed="0.083387"/>
</kw>
<kw name="Sleep" owner="BuiltIn">
<msg time="2025-11-06T11:47:04.479820" level="INFO">Slept 8 seconds.</msg>
<arg>8s</arg>
<doc>Pauses the test executed for the given time.</doc>
<status status="PASS" start="2025-11-06T11:46:56.479343" elapsed="8.001004"/>
</kw>
<arg>${Input_Virtual_Chat_Agent}</arg>
<status status="PASS" start="2025-11-06T11:46:51.887570" elapsed="12.595365"/>
</kw>
<kw name="Page Should Contain" owner="SeleniumLibrary">
<msg time="2025-11-06T11:47:04.529054" level="INFO">Current page contains text 'Welcome. Please wait while we connect with an agent.'.</msg>
<arg>${verification_text}</arg>
<doc>Verifies that current page contains ``text``.</doc>
<status status="PASS" start="2025-11-06T11:47:04.485519" elapsed="0.043637"/>
</kw>
<kw name="Check Text On ChatPage" owner="Customer_To_Agent_Chat">
<kw name="Wait Until Element Is Visible" owner="SeleniumLibrary">
<arg>xpath=${x_path}</arg>
<arg>10</arg>
<doc>Waits until the element ``locator`` is visible.</doc>
<status status="PASS" start="2025-11-06T11:47:04.530334" elapsed="0.014012"/>
</kw>
<kw name="Get Text" owner="SeleniumLibrary">
<msg time="2025-11-06T11:47:04.561779" level="INFO">${page_text} = Priya added to the chat</msg>
<var>${page_text}</var>
<arg>xpath=${x_path}</arg>
<doc>Returns the text value of the element identified by ``locator``.</doc>
<status status="PASS" start="2025-11-06T11:47:04.544715" elapsed="0.017114"/>
</kw>
<kw name="Log To Console" owner="BuiltIn">
<arg>Page Text Extracted: ${page_text}</arg>
<doc>Logs the given message to the console.</doc>
<status status="PASS" start="2025-11-06T11:47:04.562361" elapsed="0.000250"/>
</kw>
<kw name="Run Keyword And Return Status" owner="BuiltIn">
<kw name="Should Contain" owner="BuiltIn">
<arg>${page_text}</arg>
<arg>${exp_text}</arg>
<doc>Fails if ``container`` does not contain ``item`` one or more times.</doc>
<status status="PASS" start="2025-11-06T11:47:04.563135" elapsed="0.000202"/>
</kw>
<msg time="2025-11-06T11:47:04.563518" level="INFO">${page_contains} = True</msg>
<var>${page_contains}</var>
<arg>Should Contain</arg>
<arg>${page_text}</arg>
<arg>${exp_text}</arg>
<doc>Runs the given keyword with given arguments and returns the status as a Boolean value.</doc>
<status status="PASS" start="2025-11-06T11:47:04.562905" elapsed="0.000646"/>
</kw>
<kw name="Log To Console" owner="BuiltIn">
<arg>Does the page contain expected text? ${page_contains}</arg>
<doc>Logs the given message to the console.</doc>
<status status="PASS" start="2025-11-06T11:47:04.563967" elapsed="0.000211"/>
</kw>
<if>
<branch type="IF" condition="'${page_contains}'=='False'">
<kw name="Fail" owner="BuiltIn">
<arg>Expected text: ${exp_text} not found in the page text: ${page_text}</arg>
<doc>Fails the test with the given message and optionally alters its tags.</doc>
<status status="NOT RUN" start="2025-11-06T11:47:04.564640" elapsed="0.000075"/>
</kw>
<status status="NOT RUN" start="2025-11-06T11:47:04.564379" elapsed="0.000466"/>
</branch>
<branch type="ELSE">
<kw name="Log To Console" owner="BuiltIn">
<arg>Expected text: ${exp_text} found in the page text: ${page_text}</arg>
<doc>Logs the given message to the console.</doc>
<status status="PASS" start="2025-11-06T11:47:04.565141" elapsed="0.000225"/>
</kw>
<status status="PASS" start="2025-11-06T11:47:04.564966" elapsed="0.000563"/>
</branch>
<status status="PASS" start="2025-11-06T11:47:04.564350" elapsed="0.001317"/>
</if>
<arg>${expected_text}</arg>
<arg>${start_chat_text_path}</arg>
[...]
<arg>10</arg>
<doc>Waits until the element ``locator`` is visible.</doc>
<status status="PASS" start="2025-11-06T11:52:40.218787" elapsed="0.017800"/>
</kw>
<kw name="Get Text" owner="SeleniumLibrary">
<msg time="2025-11-06T11:52:40.280062" level="INFO">${page_text} = Roy added to the chat</msg>
<var>${page_text}</var>
<arg>xpath=${x_path}</arg>
<doc>Returns the text value of the element identified by ``locator``.</doc>
<status status="PASS" start="2025-11-06T11:52:40.236952" elapsed="0.043170"/>
</kw>
<kw name="Log To Console" owner="BuiltIn">
<arg>Page Text Extracted: ${page_text}</arg>
<doc>Logs the given message to the console.</doc>
<status status="PASS" start="2025-11-06T11:52:40.280772" elapsed="0.000293"/>
</kw>
<kw name="Run Keyword And Return Status" owner="BuiltIn">
<kw name="Should Contain" owner="BuiltIn">
<arg>${page_text}</arg>
<arg>${exp_text}</arg>
<doc>Fails if ``container`` does not contain ``item`` one or more times.</doc>
<status status="PASS" start="2025-11-06T11:52:40.281861" elapsed="0.000445"/>
</kw>
<msg time="2025-11-06T11:52:40.282576" level="INFO">${page_contains} = True</msg>
<var>${page_contains}</var>
<arg>Should Contain</arg>
<arg>${page_text}</arg>
<arg>${exp_text}</arg>
<doc>Runs the given keyword with given arguments and returns the status as a Boolean value.</doc>
<status status="PASS" start="2025-11-06T11:52:40.281488" elapsed="0.001136"/>
</kw>
<kw name="Log To Console" owner="BuiltIn">
<arg>Does the page contain expected text? ${page_contains}</arg>
<doc>Logs the given message to the console.</doc>
<status status="PASS" start="2025-11-06T11:52:40.283591" elapsed="0.000296"/>
</kw>
<if>
<branch type="IF" condition="'${page_contains}'=='False'">
<kw name="Fail" owner="BuiltIn">
<arg>Expected text: ${exp_text} not found in the page text: ${page_text}</arg>
<doc>Fails the test with the given message and optionally alters its tags.</doc>
<status status="NOT RUN" start="2025-11-06T11:52:40.284442" elapsed="0.000066"/>
</kw>
<status status="NOT RUN" start="2025-11-06T11:52:40.284133" elapsed="0.000522"/>
</branch>
<branch type="ELSE">
<kw name="Log To Console" owner="BuiltIn">
<arg>Expected text: ${exp_text} found in the page text: ${page_text}</arg>
<doc>Logs the given message to the console.</doc>
<status status="PASS" start="2025-11-06T11:52:40.284970" elapsed="0.000226"/>
</kw>
<status status="PASS" start="2025-11-06T11:52:40.284784" elapsed="0.000549"/>
</branch>
<status status="PASS" start="2025-11-06T11:52:40.284103" elapsed="0.001349"/>
</if>
<arg>${expected_text}</arg>
<arg>${start_chat_text_path}</arg>
<status status="PASS" start="2025-11-06T11:52:40.218278" elapsed="0.067237"/>
</kw>
<kw name="Sleep" owner="BuiltIn">
<msg time="2025-11-06T11:52:44.286271" level="INFO">Slept 4 seconds.</msg>
<arg>4s</arg>
<doc>Pauses the test executed for the given time.</doc>
<status status="PASS" start="2025-11-06T11:52:40.285775" elapsed="4.000844"/>
</kw>
<kw name="Wait Until Element Is Visible" owner="SeleniumLibrary">
<arg>${video_call_customer}</arg>
<arg>10</arg>
<doc>Waits until the element ``locator`` is visible.</doc>
<status status="PASS" start="2025-11-06T11:52:44.288567" elapsed="0.059573"/>
</kw>
<kw name="Click Element" owner="SeleniumLibrary">
<msg time="2025-11-06T11:52:44.348758" level="INFO">Clicking element '//*[name()='svg' and @id="dvc-chat-header-video-call-button"]'.</msg>
<arg>${video_call_customer}</arg>
<doc>Click the element identified by ``locator``.</doc>
<status status="PASS" start="2025-11-06T11:52:44.348506" elapsed="0.051834"/>
</kw>
<kw name="Sleep" owner="BuiltIn">
<msg time="2025-11-06T11:52:54.401581" level="INFO">Slept 10 seconds.</msg>
<arg>10s</arg>
<doc>Pauses the test executed for the given time.</doc>
<status status="PASS" start="2025-11-06T11:52:44.401027" elapsed="10.001093"/>
</kw>
<kw name="Switch Browser" owner="SeleniumLibrary">
<arg>${AGENT_BROWSERS}[0]</arg>
<doc>Switches between active browsers using ``index_or_alias``.</doc>
<status status="PASS" start="2025-11-06T11:52:54.403038" elapsed="0.000638"/>
</kw>
<kw name="Switch Window" owner="SeleniumLibrary">
<arg>MAIN</arg>
<doc>Switches to browser window matching ``locator``.</doc>
<status status="PASS" start="2025-11-06T11:52:54.404591" elapsed="0.106525"/>
</kw>
<kw name="Wait Until Element Is Visible" owner="SeleniumLibrary">
<arg>${Call_Notification}</arg>
<arg>15</arg>
<doc>Waits until the element ``locator`` is visible.</doc>
<status status="PASS" start="2025-11-06T11:52:54.512659" elapsed="0.061574"/>
</kw>
<kw name="Accept the call" owner="Agent_to_Agent_calls">
<kw name="Click Element" owner="SeleniumLibrary">
<msg time="2025-11-06T11:52:54.576514" level="INFO">Clicking element '//div[@id="call-notification-accept-button"]'.</msg>
<arg>${Accept_call}</arg>
<doc>Click the element identified by ``locator``.</doc>
<status status="PASS" start="2025-11-06T11:52:54.576069" elapsed="0.294990"/>
</kw>
<kw name="Sleep" owner="BuiltIn">
<msg time="2025-11-06T11:53:09.877535" level="INFO">Slept 15 seconds.</msg>
<arg>15</arg>
<doc>Pauses the test executed for the given time.</doc>
<status status="PASS" start="2025-11-06T11:52:54.875787" elapsed="15.001877"/>
</kw>
<status status="PASS" start="2025-11-06T11:52:54.575146" elapsed="15.302965"/>
</kw>
<kw name="Agent_sends_gif_emoji" owner="Customer_To_Agent_Chat">
<kw name="Switch Browser" owner="SeleniumLibrary">
<arg>${AGENT_BROWSERS}[${browser_index}]</arg>
<doc>Switches between active browsers using ``index_or_alias``.</doc>
<status status="PASS" start="2025-11-06T11:53:09.879132" elapsed="0.000376"/>
</kw>
<kw name="Switch Window" owner="SeleniumLibrary">
<arg>MAIN</arg>
<doc>Switches to browser window matching ``locator``.</doc>
<status status="PASS" start="2025-11-06T11:53:09.879915" elapsed="0.064605"/>
</kw>
<kw name="Wait Until Element Is Visible" owner="SeleniumLibrary">
<arg>${gif_opt}</arg>
<arg>4</arg>
<doc>Waits until the element ``locator`` is visible.</doc>
<status status="PASS" start="2025-11-06T11:53:09.945989" elapsed="0.046006"/>
</kw>
<kw name="Click Element" owner="SeleniumLibrary">
<msg time="2025-11-06T11:53:09.994680" level="INFO">Clicking element '//*[name()='svg' and @data-testid="chat-gif"]'.</msg>
<arg>${gif_opt}</arg>
<doc>Click the element identified by ``locator``.</doc>
<status status="PASS" start="2025-11-06T11:53:09.993864" elapsed="0.574307"/>
</kw>
<kw name="Wait Until Element Is Visible" owner="SeleniumLibrary">
<arg>${trending_gif}</arg>
<arg>4</arg>
<doc>Waits until the element ``locator`` is visible.</doc>
<status status="PASS" start="2025-11-06T11:53:10.573761" elapsed="0.507183"/>
</kw>
<kw name="Click Element" owner="SeleniumLibrary">
<msg time="2025-11-06T11:53:11.082959" level="INFO">Clicking element '//span[text()="Trending GIFs"]'.</msg>
<arg>${trending_gif}</arg>
<doc>Click the element identified by ``locator``.</doc>
<status status="PASS" start="2025-11-06T11:53:11.082226" elapsed="0.820177"/>
</kw>
<kw name="Wait Until Element Is Visible" owner="SeleniumLibrary">
<arg>${gif_btn}</arg>
<arg>4</arg>
<doc>Waits until the element ``locator`` is visible.</doc>
<status status="PASS" start="2025-11-06T11:53:11.907362" elapsed="0.648732"/>
</kw>
<kw name="Click Element" owner="SeleniumLibrary">
<msg time="2025-11-06T11:53:12.557952" level="INFO">Clicking element '//button[@class="gpr-btn gpr-result-image"]'.</msg>
<arg>${gif_btn}</arg>
<doc>Click the element identified by ``locator``.</doc>
<status status="PASS" start="2025-11-06T11:53:12.557096" elapsed="0.978451"/>
</kw>
<kw name="Wait Until Element Is Visible" owner="SeleniumLibrary">
<arg>${gif_opt}</arg>
<arg>4</arg>
<doc>Waits until the element ``locator`` is visible.</doc>
<status status="PASS" start="2025-11-06T11:53:13.537390" elapsed="0.678633"/>
</kw>
<kw name="Click Element" owner="SeleniumLibrary">
<msg time="2025-11-06T11:53:14.217065" level="INFO">Clicking element '//*[name()='svg' and @data-testid="chat-gif"]'.</msg>
<arg>${gif_opt}</arg>
<doc>Click the element identified by ``locator``.</doc>
<status status="PASS" start="2025-11-06T11:53:14.216600" elapsed="0.223405"/>
</kw>
<kw name="Sleep" owner="BuiltIn">
<msg time="2025-11-06T11:53:18.445561" level="INFO">Slept 4 seconds.</msg>
<arg>4s</arg>
<doc>Pauses the test executed for the given time.</doc>
<status status="PASS" start="2025-11-06T11:53:14.443716" elapsed="4.002160"/>
</kw>
<kw name="Wait Until Element Is Visible" owner="SeleniumLibrary">
<arg>${chat_emoji}</arg>
<arg>8</arg>
<doc>Waits until the element ``locator`` is visible.</doc>
<status status="PASS" start="2025-11-06T11:53:18.447525" elapsed="0.048158"/>
</kw>
<kw name="Click Element" owner="SeleniumLibrary">
<msg time="2025-11-06T11:53:18.498720" level="INFO">Clicking element '//*[name()='svg' and @data-testid="chat-emoji"]'.</msg>
<arg>${chat_emoji}</arg>
<doc>Click the element identified by ``locator``.</doc>
<status status="PASS" start="2025-11-06T11:53:18.496802" elapsed="2.069887"/>
</kw>
<kw name="Sleep" owner="BuiltIn">
<msg time="2025-11-06T11:53:24.569094" level="INFO">Slept 4 seconds.</msg>
<arg>4s</arg>
<doc>Pauses the test executed for the given time.</doc>
<status status="PASS" start="2025-11-06T11:53:20.568351" elapsed="4.000995"/>
</kw>
<kw name="Click Element" owner="SeleniumLibrary">
<msg time="2025-11-06T11:53:24.573194" level="INFO">Clicking element '//img[@class="__EmojiPicker__ epr-emoji-img"]'.</msg>
<arg>${select_emoji}</arg>
<doc>Click the element identified by ``locator``.</doc>
<status status="PASS" start="2025-11-06T11:53:24.572431" elapsed="1.009059"/>
</kw>
<kw name="Press Keys" owner="SeleniumLibrary">
<msg time="2025-11-06T11:53:25.584568" level="INFO">Sending key(s) ('Return',) to //*[@class="send-input-btn show"] element.</msg>
<msg time="2025-11-06T11:53:27.644564" level="INFO">Sending keys Return</msg>
<arg>${press_send}</arg>
<arg>Return</arg>
<doc>Simulates the user pressing key(s) to an element or on the active browser.</doc>
<status status="PASS" start="2025-11-06T11:53:25.583291" elapsed="3.068597"/>
</kw>
<kw name="Wait Until Element Is Visible" owner="SeleniumLibrary">
<arg>${chat_emoji}</arg>
<arg>4</arg>
<doc>Waits until the element ``locator`` is visible.</doc>
<status status="PASS" start="2025-11-06T11:53:28.656807" elapsed="0.219343"/>
</kw>
<kw name="Click Element" owner="SeleniumLibrary">
<msg time="2025-11-06T11:53:28.879781" level="INFO">Clicking element '//*[name()='svg' and @data-testid="chat-emoji"]'.</msg>
<arg>${chat_emoji}</arg>
<doc>Click the element identified by ``locator``.</doc>
<status status="PASS" start="2025-11-06T11:53:28.877210" elapsed="0.738823"/>
</kw>
<arg>0</arg>
<status status="PASS" start="2025-11-06T11:53:09.878490" elapsed="19.738131"/>
</kw>
<kw name="Customer_send_emoji" owner="Customer_To_Agent_Chat">
<kw name="Switch Browser" owner="SeleniumLibrary">
<arg>${AGENT_BROWSERS}[2]</arg>
<doc>Switches between active browsers using ``index_or_alias``.</doc>
<status status="PASS" start="2025-11-06T11:53:29.618877" elapsed="0.002448"/>
</kw>
<kw name="Switch Window" owner="SeleniumLibrary">
<arg>MAIN</arg>
<doc>Switches to browser window matching ``locator``.</doc>
<status status="PASS" start="2025-11-06T11:53:29.623951" elapsed="0.090063"/>
</kw>
<kw name="Click Element" owner="SeleniumLibrary">
<msg time="2025-11-06T11:53:29.715988" level="INFO">Clicking element '//*[name()='svg' and @id="dvc-chat-emoji-button"]'.</msg>
<arg>${chat_emoji_dev_sample}</arg>
<doc>Click the element identified by ``locator``.</doc>
<status status="PASS" start="2025-11-06T11:53:29.715037" elapsed="1.568077"/>
</kw>
<kw name="Wait Until Element Is Visible" owner="SeleniumLibrary">
<arg>${select_emoji}</arg>
<doc>Waits until the element ``locator`` is visible.</doc>
<status status="PASS" start="2025-11-06T11:53:31.287399" elapsed="1.810299"/>
</kw>
<kw name="Click Element" owner="SeleniumLibrary">
<msg time="2025-11-06T11:53:33.107989" level="INFO">Clicking element '//img[@class="__EmojiPicker__ epr-emoji-img"]'.</msg>
<arg>${select_emoji}</arg>
<doc>Click the element identified by ``locator``.</doc>
<status status="PASS" start="2025-11-06T11:53:33.101606" elapsed="1.115624"/>
</kw>
<kw name="Press Keys" owner="SeleniumLibrary">
<msg time="2025-11-06T11:53:34.223017" level="INFO">Sending key(s) ('Return',) to //*[name()='svg' and @id="dvc-chat-message-send-button"] element.</msg>
<msg time="2025-11-06T11:53:35.889490" level="INFO">Sending keys Return</msg>
<arg>${send_msg_button_customer}</arg>
<arg>Return</arg>
<doc>Simulates the user pressing key(s) to an element or on the active browser.</doc>
<status status="PASS" start="2025-11-06T11:53:34.219559" elapsed="2.712015"/>
</kw>
<status status="PASS" start="2025-11-06T11:53:29.617407" elapsed="7.322961"/>
</kw>
<kw name="Hang up video call" owner="Agent_to_Agent_calls">
<kw name="Wait Until Element Is Visible" owner="SeleniumLibrary">
<arg>${Audio_video_strip}</arg>
<arg>20</arg>
<doc>Waits until the element ``locator`` is visible.</doc>
<status status="PASS" start="2025-11-06T11:53:36.947241" elapsed="0.393024"/>
</kw>
<kw name="Log To Console" owner="BuiltIn">
<arg>Checking if the iframe is present</arg>
<doc>Logs the given message to the console.</doc>
<status status="PASS" start="2025-11-06T11:53:37.341618" elapsed="0.006972"/>
</kw>
<kw name="Select Frame" owner="SeleniumLibrary">
<msg time="2025-11-06T11:53:37.351305" level="INFO">Selecting frame '//iframe[@id="dvcConferenceFrame"]'.</msg>
<arg>${Audio_video_strip}</arg>
<doc>Sets frame identified by ``locator`` as the current frame.</doc>
<status status="PASS" start="2025-11-06T11:53:37.349736" elapsed="0.531710"/>
</kw>
<kw name="Mouse Over" owner="SeleniumLibrary">
<msg time="2025-11-06T11:53:37.883720" level="INFO">Simulating Mouse Over on element '//div[@class="react-transform-wrapper transform-component-module_wrapper__1_Fgj "]'.</msg>
<arg>${Hover_over}</arg>
<doc>Simulates hovering the mouse over the element ``locator``.</doc>
<status status="PASS" start="2025-11-06T11:53:37.882972" elapsed="1.872653"/>
</kw>
<kw name="Wait Until Element Is Visible" owner="SeleniumLibrary">
<arg>${Hide_self_view}</arg>
<arg>10</arg>
<doc>Waits until the element ``locator`` is visible.</doc>
<status status="PASS" start="2025-11-06T11:53:39.758268" elapsed="0.125879"/>
</kw>
<kw name="Click Element" owner="SeleniumLibrary">
<msg time="2025-11-06T11:53:39.888124" level="INFO">Clicking element '//div[contains(@class,"close-button")]'.</msg>
<arg>${Hide_self_view}</arg>
<doc>Click the element identified by ``locator``.</doc>
<status status="PASS" start="2025-11-06T11:53:39.886424" elapsed="0.850772"/>
</kw>
<kw name="Wait Until Element Is Visible" owner="SeleniumLibrary">
<arg>${Hang_up_video}</arg>
<arg>10</arg>
<doc>Waits until the element ``locator`` is visible.</doc>
<status status="PASS" start="2025-11-06T11:53:40.741503" elapsed="0.036892"/>
</kw>
<kw name="Click Element" owner="SeleniumLibrary">
<msg time="2025-11-06T11:53:40.779371" level="INFO">Clicking element '//div[@id='videoconference_page']//div[@aria-label='Leave the meeting']'.</msg>
<arg>${Hang_up_video}</arg>
<doc>Click the element identified by ``locator``.</doc>
<status status="PASS" start="2025-11-06T11:53:40.778995" elapsed="0.169583"/>
</kw>
<kw name="Log To Console" owner="BuiltIn">
<arg>Agent 2 has hung up the call</arg>
<doc>Logs the given message to the console.</doc>
<status status="PASS" start="2025-11-06T11:53:40.949410" elapsed="0.000308"/>
</kw>
<kw name="Unselect Frame" owner="SeleniumLibrary">
<doc>Sets the main frame as the current frame.</doc>
<status status="PASS" start="2025-11-06T11:53:40.950051" elapsed="0.005857"/>
</kw>
<status status="PASS" start="2025-11-06T11:53:36.944797" elapsed="4.011573"/>
</kw>
<kw name="End Chat from Customer Side" owner="Customer_To_Agent_Chat">
<kw name="Switch Browser" owner="SeleniumLibrary">
<arg>${AGENT_BROWSERS}[${browser_index}]</arg>
<doc>Switches between active browsers using ``index_or_alias``.</doc>
<status status="PASS" start="2025-11-06T11:53:40.957490" elapsed="0.000451"/>
</kw>
<kw name="Switch Window" owner="SeleniumLibrary">
<arg>MAIN</arg>
<doc>Switches to browser window matching ``locator``.</doc>
<status status="PASS" start="2025-11-06T11:53:40.958364" elapsed="0.004556"/>
</kw>
<kw name="Wait Until Element Is Visible" owner="SeleniumLibrary">
<arg>//span[@id="dvc-chat-header-exit"]</arg>
<doc>Waits until the element ``locator`` is visible.</doc>
<status status="PASS" start="2025-11-06T11:53:40.963319" elapsed="0.984441"/>
</kw>
<kw name="Click Element" owner="SeleniumLibrary">
<msg time="2025-11-06T11:53:41.948804" level="INFO">Clicking element '//span[@id="dvc-chat-header-exit"]'.</msg>
<arg>//span[@id="dvc-chat-header-exit"]</arg>
<doc>Click the element identified by ``locator``.</doc>
<status status="PASS" start="2025-11-06T11:53:41.948325" elapsed="0.243265"/>
</kw>
<kw name="Sleep" owner="BuiltIn">
<msg time="2025-11-06T11:53:46.197623" level="INFO">Slept 4 seconds.</msg>
<arg>4s</arg>
<doc>Pauses the test executed for the given time.</doc>
<status status="PASS" start="2025-11-06T11:53:42.197039" elapsed="4.000723"/>
</kw>
<kw name="Wait Until Element Is Visible" owner="SeleniumLibrary">
<arg>//span[text()="Submit"]</arg>
<arg>10</arg>
<doc>Waits until the element ``locator`` is visible.</doc>
<status status="PASS" start="2025-11-06T11:53:46.198376" elapsed="0.020016"/>
</kw>
<kw name="Click Element" owner="SeleniumLibrary">
<msg time="2025-11-06T11:53:46.219241" level="INFO">Clicking element '//span[text()="Submit"]'.</msg>
<arg>//span[text()="Submit"]</arg>
<doc>Click the element identified by ``locator``.</doc>
<status status="PASS" start="2025-11-06T11:53:46.218911" elapsed="0.063199"/>
</kw>
<kw name="Sleep" owner="BuiltIn">
<msg time="2025-11-06T11:53:48.283308" level="INFO">Slept 2 seconds.</msg>
<arg>2s</arg>
<doc>Pauses the test executed for the given time.</doc>
<status status="PASS" start="2025-11-06T11:53:46.282791" elapsed="2.000757"/>
</kw>
<arg>2</arg>
<status status="PASS" start="2025-11-06T11:53:40.956788" elapsed="7.328021"/>
</kw>
<status status="PASS" start="2025-11-06T11:52:04.910744" elapsed="103.374414"/>
</kw>
<kw name="Close All Browsers" owner="SeleniumLibrary" type="TEARDOWN">
<doc>Closes all open browsers and resets the browser cache.</doc>
<status status="PASS" start="2025-11-06T11:53:48.285995" elapsed="0.275308"/>
</kw>
<doc>This test case is to initiate a chat from the customer side to virtual agent for homeal and ask to connect real agent and then do video call</doc>
<tag>22</tag>
<tag>CACHAT_22</tag>
<tag>homeal</tag>
<status status="PASS" start="2025-11-06T11:52:04.910054" elapsed="103.651528"/>
</test>
<status status="PASS" start="2025-11-06T11:45:43.844718" elapsed="484.791349"/>
</suite>
<statistics>
<total>
<stat pass="10" fail="0" skip="0">All Tests</stat>
</total>
<tag>
<stat pass="1" fail="0" skip="0">13</stat>
<stat pass="1" fail="0" skip="0">14</stat>
<stat pass="1" fail="0" skip="0">15</stat>
<stat pass="1" fail="0" skip="0">16</stat>
<stat pass="1" fail="0" skip="0">17</stat>
<stat pass="1" fail="0" skip="0">18</stat>
<stat pass="1" fail="0" skip="0">19</stat>
<stat pass="1" fail="0" skip="0">20</stat>
<stat pass="1" fail="0" skip="0">21</stat>
<stat pass="1" fail="0" skip="0">22</stat>
<stat pass="1" fail="0" skip="0">CACHAT_18</stat>
<stat pass="1" fail="0" skip="0">CACHAT_19</stat>
<stat pass="1" fail="0" skip="0">CACHAT_20</stat>
<stat pass="1" fail="0" skip="0">CACHAT_21</stat>
<stat pass="1" fail="0" skip="0">CACHAT_22</stat>
<stat pass="1" fail="0" skip="0">CVACHAT_13</stat>
<stat pass="1" fail="0" skip="0">CVACHAT_14</stat>
<stat pass="1" fail="0" skip="0">CVACHAT_15</stat>
<stat pass="1" fail="0" skip="0">CVACHAT_16</stat>
<stat pass="1" fail="0" skip="0">CVACHAT_17</stat>
<stat pass="10" fail="0" skip="0">homeal</stat>
</tag>
<suite>
<stat name="37.Customer chat" id="s1" pass="10" fail="0" skip="0">37.Customer chat</stat>
</suite>
</statistics>
<errors>
</errors>
</robot>
