<?xml version="1.0" encoding="UTF-8"?>
<robot generator="Robot 7.3.2 (Python 3.12.3 on linux)" generated="2025-11-06T12:54:00.369526" rpa="false" schemaversion="5">
<suite id="s1" name="37.Customer chat" source="/home/rohitbansal/dvc_client_tests/DolphinVC/TestCases/WeBTestCases/37.Customer_chat.robot">
<test id="s1-t1" name="Initite customer chat for homeal and raise a complaint regarding order not received" line="94">
<kw name="Initiate customer chat for homeal and raise a complaint regarding order not received" owner="Customer_To_Agent_Chat">
<kw name="start homeal chat" owner="Customer_To_Agent_Chat">
<kw name="Create List" owner="BuiltIn">
<msg time="2025-11-06T12:54:02.915809" level="INFO">${AGENT_BROWSERS} = []</msg>
<var>${AGENT_BROWSERS}</var>
<doc>Returns a list containing given items.</doc>
<status status="PASS" start="2025-11-06T12:54:02.915353" elapsed="0.000540"/>
</kw>
<kw name="Set Global Variable" owner="BuiltIn">
<msg time="2025-11-06T12:54:02.917559" level="INFO">${AGENT_BROWSERS} = []</msg>
<arg>${AGENT_BROWSERS}</arg>
<doc>Makes a variable available globally in all tests and suites.</doc>
<status status="PASS" start="2025-11-06T12:54:02.916928" elapsed="0.000795"/>
</kw>
<kw name="Initiate customer chat" owner="Customer_To_Agent_Chat">
<kw name="Start TestCase" owner="common_login">
<kw name="options_prop" owner="importfile">
<msg time="2025-11-06T12:54:02.920769" level="INFO">====== WebDriver manager ======</msg>
<msg time="2025-11-06T12:54:03.032945" level="INFO">Get LATEST chromedriver version for google-chrome</msg>
<msg time="2025-11-06T12:54:03.146405" level="INFO">Get LATEST chromedriver version for google-chrome</msg>
<msg time="2025-11-06T12:54:03.299200" level="INFO">Driver [/home/rohitbansal/.wdm/drivers/chromedriver/linux64/142.0.7444.61/chromedriver-linux64/chromedriver] found in cache</msg>
<msg time="2025-11-06T12:54:03.300272" level="INFO">${opt} = &lt;selenium.webdriver.chrome.options.Options object at 0x7bb0ad1fe2a0&gt;</msg>
<msg time="2025-11-06T12:54:03.300467" level="INFO">${service} = &lt;selenium.webdriver.chrome.service.Service object at 0x7bb0af6f3a70&gt;</msg>
<var>${opt}</var>
<var>${service}</var>
<status status="PASS" start="2025-11-06T12:54:02.920274" elapsed="0.380301"/>
</kw>
<kw name="Run Keyword If" owner="BuiltIn">
<kw name="Open Browser" owner="SeleniumLibrary">
<msg time="2025-11-06T12:54:03.305235" level="INFO">Opening browser 'Chrome' to base url 'https://dev.sample-server.nouveau-labs.in/'.</msg>
<arg>${LOGIN_URL1}</arg>
<arg>${BROWSER}</arg>
<arg>options=${opt}</arg>
<arg>service=${service}</arg>
<doc>Opens a new browser instance to the optional ``url``.</doc>
<status status="PASS" start="2025-11-06T12:54:03.303998" elapsed="2.867545"/>
</kw>
<arg>'${BROWSER}'=='Chrome'</arg>
<arg>Open Browser</arg>
<arg>${LOGIN_URL1}</arg>
<arg>${BROWSER}</arg>
<arg>options=${opt}</arg>
<arg>service=${service}</arg>
<arg>ELSE IF</arg>
<arg>'${BROWSER}'=='edge'</arg>
<arg>Open Browser</arg>
<arg>${LOGIN_URL1}</arg>
<arg>${BROWSER}</arg>
<arg>options=add_argument("--use-fake-ui-for-media-stream");add_argument("--use-fake-device-for-media-stream")</arg>
<arg>ELSE</arg>
<arg>Open Browser</arg>
<arg>${LOGIN_URL1}</arg>
<arg>${BROWSER}</arg>
<arg>options=set_preference("media.navigator.permission.disabled", True)</arg>
<doc>Runs the given keyword with the given arguments, if ``condition`` is true.</doc>
<status status="PASS" start="2025-11-06T12:54:03.302366" elapsed="2.870239"/>
</kw>
<kw name="Maximize Browser Window" owner="SeleniumLibrary">
<doc>Maximizes current browser window.</doc>
<status status="PASS" start="2025-11-06T12:54:06.173548" elapsed="0.281374"/>
</kw>
<arg>${Customer_URL}</arg>
<status status="PASS" start="2025-11-06T12:54:02.919534" elapsed="3.536067"/>
</kw>
<kw name="Get Browser Ids" owner="SeleniumLibrary">
<msg time="2025-11-06T12:54:06.456784" level="INFO">${Customer_browsers} = [1]</msg>
<var>${Customer_browsers}</var>
<doc>Returns index of all active browser as list.</doc>
<status status="PASS" start="2025-11-06T12:54:06.456315" elapsed="0.000563"/>
</kw>
<kw name="Log To Console" owner="BuiltIn">
<arg>Current Browsers: ${Customer_browsers}</arg>
<doc>Logs the given message to the console.</doc>
<status status="PASS" start="2025-11-06T12:54:06.457934" elapsed="0.000507"/>
</kw>
<kw name="Set Variable" owner="BuiltIn">
<msg time="2025-11-06T12:54:06.460630" level="INFO">${C_Browser1} = 1</msg>
<var>${C_Browser1}</var>
<arg>${Customer_browsers}[-1]</arg>
<doc>Returns the given values which can then be assigned to a variables.</doc>
<status status="PASS" start="2025-11-06T12:54:06.459404" elapsed="0.001374"/>
</kw>
<kw name="Set Global Variable" owner="BuiltIn">
<msg time="2025-11-06T12:54:06.463256" level="INFO">${C_Browser1} = 1</msg>
<arg>${C_Browser1}</arg>
<doc>Makes a variable available globally in all tests and suites.</doc>
<status status="PASS" start="2025-11-06T12:54:06.462350" elapsed="0.001093"/>
</kw>
<kw name="Log To Console" owner="BuiltIn">
<arg>Current Customer Browser ID: ${C_Browser1}</arg>
<doc>Logs the given message to the console.</doc>
<status status="PASS" start="2025-11-06T12:54:06.465664" elapsed="0.000717"/>
</kw>
<kw name="Append To List" owner="Collections">
<arg>${AGENT_BROWSERS}</arg>
<arg>${C_Browser1}</arg>
<doc>Adds ``values`` to the end of ``list``.</doc>
<status status="PASS" start="2025-11-06T12:54:06.467285" elapsed="0.000720"/>
</kw>
<kw name="Maximize Browser Window" owner="SeleniumLibrary">
<doc>Maximizes current browser window.</doc>
<status status="PASS" start="2025-11-06T12:54:06.468905" elapsed="0.011495"/>
</kw>
<kw name="Click Element" owner="SeleniumLibrary">
<msg time="2025-11-06T12:54:06.481869" level="INFO">Clicking element '//input[@id="sample-app-server-dropdown"]'.</msg>
<arg>${Server_URL}</arg>
<doc>Click the element identified by ``locator``.</doc>
<status status="PASS" start="2025-11-06T12:54:06.481153" elapsed="0.291632"/>
</kw>
<kw name="Wait Until Element Is Visible" owner="SeleniumLibrary">
<arg>${Enter_Server_URL}</arg>
<arg>10</arg>
<doc>Waits until the element ``locator`` is visible.</doc>
<status status="PASS" start="2025-11-06T12:54:06.774207" elapsed="0.315554"/>
</kw>
<kw name="Input Text" owner="SeleniumLibrary">
<msg time="2025-11-06T12:54:07.092078" level="INFO">Typing text 'https://callsphere.evolvecx.nouveau-labs.in' into text field '//input[@id="sample-app-server-input-box"]'.</msg>
<arg>${Enter_Server_URL}</arg>
<arg>${Input_Server_URL}</arg>
<doc>Types the given ``text`` into the text field identified by ``locator``.</doc>
<status status="PASS" start="2025-11-06T12:54:07.091025" elapsed="0.532865"/>
</kw>
<kw name="Click Element" owner="SeleniumLibrary">
<msg time="2025-11-06T12:54:07.626709" level="INFO">Clicking element '//button[@id="sample-app-server-add-button"]'.</msg>
<msg time="2025-11-06T12:54:09.114764" level="INFO" html="true">&lt;/td&gt;&lt;/tr&gt;&lt;tr&gt;&lt;td colspan="3"&gt;&lt;a href="selenium-screenshot-1.png"&gt;&lt;img src="selenium-screenshot-1.png" width="800px"&gt;&lt;/a&gt;</msg>
<msg time="2025-11-06T12:54:09.115207" level="FAIL">ElementClickInterceptedException: Message: element click intercepted: Element &lt;button id="sample-app-server-add-button" type="button" class="ant-btn css-1vr7spz ant-btn-text ant-btn-lg" style="font-size: 13px;"&gt;...&lt;/button&gt; is not clickable at point (1776, 171). Other element would receive the click: &lt;div class="ant-row ant-row-center home-container css-1vr7spz" style="margin-left: -12px; margin-right: -12px;"&gt;...&lt;/div&gt;
  (Session info: chrome=142.0.7444.59); For documentation on this error, please visit: https://www.selenium.dev/documentation/webdriver/troubleshooting/errors#elementclickinterceptedexception
Stacktrace:
#0 0x5b9fc75caaca &lt;unknown&gt;
#1 0x5b9fc7016cdb &lt;unknown&gt;
#2 0x5b9fc70705ac &lt;unknown&gt;
#3 0x5b9fc706e402 &lt;unknown&gt;
#4 0x5b9fc706ba92 &lt;unknown&gt;
#5 0x5b9fc706b12f &lt;unknown&gt;
#6 0x5b9fc705da0b &lt;unknown&gt;
#7 0x5b9fc705d387 &lt;unknown&gt;
#8 0x5b9fc70b5c87 &lt;unknown&gt;
#9 0x5b9fc705baca &lt;unknown&gt;
#10 0x5b9fc705c7d1 &lt;unknown&gt;
#11 0x5b9fc7591a99 &lt;unknown&gt;
#12 0x5b9fc7594a6c &lt;unknown&gt;
#13 0x5b9fc757ad29 &lt;unknown&gt;
#14 0x5b9fc7595665 &lt;unknown&gt;
#15 0x5b9fc75626a3 &lt;unknown&gt;
#16 0x5b9fc75b77b8 &lt;unknown&gt;
#17 0x5b9fc75b7993 &lt;unknown&gt;
#18 0x5b9fc75c9a63 &lt;unknown&gt;
#19 0x712a09a9caa4 &lt;unknown&gt;
#20 0x712a09b29c6c &lt;unknown&gt;
</msg>
<arg>${Add_Server_URL}</arg>
<doc>Click the element identified by ``locator``.</doc>
<status status="FAIL" start="2025-11-06T12:54:07.625409" elapsed="1.492968">ElementClickInterceptedException: Message: element click intercepted: Element &lt;button id="sample-app-server-add-button" type="button" class="ant-btn css-1vr7spz ant-btn-text ant-btn-lg" style="font-size: 13px;"&gt;...&lt;/button&gt; is not clickable at point (1776, 171). Other element would receive the click: &lt;div class="ant-row ant-row-center home-container css-1vr7spz" style="margin-left: -12px; margin-right: -12px;"&gt;...&lt;/div&gt;
  (Session info: chrome=142.0.7444.59); For documentation on this error, please visit: https://www.selenium.dev/documentation/webdriver/troubleshooting/errors#elementclickinterceptedexception
Stacktrace:
#0 0x5b9fc75caaca &lt;unknown&gt;
#1 0x5b9fc7016cdb &lt;unknown&gt;
#2 0x5b9fc70705ac &lt;unknown&gt;
#3 0x5b9fc706e402 &lt;unknown&gt;
#4 0x5b9fc706ba92 &lt;unknown&gt;
#5 0x5b9fc706b12f &lt;unknown&gt;
#6 0x5b9fc705da0b &lt;unknown&gt;
#7 0x5b9fc705d387 &lt;unknown&gt;
#8 0x5b9fc70b5c87 &lt;unknown&gt;
#9 0x5b9fc705baca &lt;unknown&gt;
#10 0x5b9fc705c7d1 &lt;unknown&gt;
#11 0x5b9fc7591a99 &lt;unknown&gt;
#12 0x5b9fc7594a6c &lt;unknown&gt;
#13 0x5b9fc757ad29 &lt;unknown&gt;
#14 0x5b9fc7595665 &lt;unknown&gt;
#15 0x5b9fc75626a3 &lt;unknown&gt;
#16 0x5b9fc75b77b8 &lt;unknown&gt;
#17 0x5b9fc75b7993 &lt;unknown&gt;
#18 0x5b9fc75c9a63 &lt;unknown&gt;
#19 0x712a09a9caa4 &lt;unknown&gt;
#20 0x712a09b29c6c &lt;unknown&gt;
</status>
</kw>
<kw name="Click Element" owner="SeleniumLibrary">
<arg>${Virtual_chat_dropdown}</arg>
<doc>Click the element identified by ``locator``.</doc>
<status status="NOT RUN" start="2025-11-06T12:54:09.119335" elapsed="0.000629"/>
</kw>
<kw name="Wait Until Element Is Visible" owner="SeleniumLibrary">
<arg>${Virtual_chat_box_input}</arg>
<arg>10</arg>
<doc>Waits until the element ``locator`` is visible.</doc>
<status status="NOT RUN" start="2025-11-06T12:54:09.120488" elapsed="0.000116"/>
</kw>
<kw name="Input Text" owner="SeleniumLibrary">
<arg>${Virtual_chat_box_input}</arg>
<arg>${chat_agent}</arg>
<doc>Types the given ``text`` into the text field identified by ``locator``.</doc>
<status status="NOT RUN" start="2025-11-06T12:54:09.121071" elapsed="0.000114"/>
</kw>
<kw name="Click Element" owner="SeleniumLibrary">
<arg>${Add_Virtual_Chat_button}</arg>
<doc>Click the element identified by ``locator``.</doc>
<status status="NOT RUN" start="2025-11-06T12:54:09.121621" elapsed="0.000169"/>
</kw>
<kw name="Click Element" owner="SeleniumLibrary">
<arg>${Initiate_chat}</arg>
<doc>Click the element identified by ``locator``.</doc>
<status status="NOT RUN" start="2025-11-06T12:54:09.122256" elapsed="0.000109"/>
</kw>
<kw name="Wait Until Element Is Visible" owner="SeleniumLibrary">
<arg>${Full_name}</arg>
<arg>10</arg>
<doc>Waits until the element ``locator`` is visible.</doc>
<status status="NOT RUN" start="2025-11-06T12:54:09.122821" elapsed="0.000114"/>
</kw>
<kw name="Input Text" owner="SeleniumLibrary">
<arg>${Full_name}</arg>
<arg>${Customer_name}</arg>
<doc>Types the given ``text`` into the text field identified by ``locator``.</doc>
<status status="NOT RUN" start="2025-11-06T12:54:09.123366" elapsed="0.000108"/>
</kw>
<kw name="Input Text" owner="SeleniumLibrary">
<arg>${Customer_mail_add}</arg>
<arg>${Customer_email}</arg>
<doc>Types the given ``text`` into the text field identified by ``locator``.</doc>
<status status="NOT RUN" start="2025-11-06T12:54:09.123918" elapsed="0.000109"/>
</kw>
<kw name="Input Text" owner="SeleniumLibrary">
<arg>${Mobile_number}</arg>
<arg>${globalp_cust_number}</arg>
<doc>Types the given ``text`` into the text field identified by ``locator``.</doc>
<status status="NOT RUN" start="2025-11-06T12:54:09.124453" elapsed="0.000106"/>
</kw>
<kw name="Click Element" owner="SeleniumLibrary">
<arg>${Submit}</arg>
<doc>Click the element identified by ``locator``.</doc>
<status status="NOT RUN" start="2025-11-06T12:54:09.124995" elapsed="0.000106"/>
</kw>
<kw name="Input Text" owner="SeleniumLibrary">
<arg>${otp_1}</arg>
<arg>6</arg>
<doc>Types the given ``text`` into the text field identified by ``locator``.</doc>
<status status="NOT RUN" start="2025-11-06T12:54:09.125524" elapsed="0.000110"/>
</kw>
<kw name="Input Text" owner="SeleniumLibrary">
<arg>${otp_2}</arg>
<arg>3</arg>
<doc>Types the given ``text`` into the text field identified by ``locator``.</doc>
<status status="NOT RUN" start="2025-11-06T12:54:09.126168" elapsed="0.000177"/>
</kw>
<kw name="Input Text" owner="SeleniumLibrary">
<arg>${otp_3}</arg>
<arg>7</arg>
<doc>Types the given ``text`` into the text field identified by ``locator``.</doc>
<status status="NOT RUN" start="2025-11-06T12:54:09.126839" elapsed="0.000111"/>
</kw>
<kw name="Input Text" owner="SeleniumLibrary">
<arg>${otp_4}</arg>
<arg>9</arg>
<doc>Types the given ``text`` into the text field identified by ``locator``.</doc>
<status status="NOT RUN" start="2025-11-06T12:54:09.127386" elapsed="0.000107"/>
</kw>
<kw name="Sleep" owner="BuiltIn">
<arg>8s</arg>
<doc>Pauses the test executed for the given time.</doc>
<status status="NOT RUN" start="2025-11-06T12:54:09.127922" elapsed="0.000108"/>
</kw>
<arg>${Input_Virtual_Chat_Agent}</arg>
<status status="FAIL" start="2025-11-06T12:54:02.918670" elapsed="6.209760">ElementClickInterceptedException: Message: element click intercepted: Element &lt;button id="sample-app-server-add-button" type="button" class="ant-btn css-1vr7spz ant-btn-text ant-btn-lg" style="font-size: 13px;"&gt;...&lt;/button&gt; is not clickable at point (1776, 171). Other element would receive the click: &lt;div class="ant-row ant-row-center home-container css-1vr7spz" style="margin-left: -12px; margin-right: -12px;"&gt;...&lt;/div&gt;
  (Session info: chrome=142.0.7444.59); For documentation on this error, please visit: https://www.selenium.dev/documentation/webdriver/troubleshooting/errors#elementclickinterceptedexception
Stacktrace:
#0 0x5b9fc75caaca &lt;unknown&gt;
#1 0x5b9fc7016cdb &lt;unknown&gt;
#2 0x5b9fc70705ac &lt;unknown&gt;
#3 0x5b9fc706e402 &lt;unknown&gt;
#4 0x5b9fc706ba92 &lt;unknown&gt;
#5 0x5b9fc706b12f &lt;unknown&gt;
#6 0x5b9fc705da0b &lt;unknown&gt;
#7 0x5b9fc705d387 &lt;unknown&gt;
#8 0x5b9fc70b5c87 &lt;unknown&gt;
#9 0x5b9fc705baca &lt;unknown&gt;
#10 0x5b9fc705c7d1 &lt;unknown&gt;
#11 0x5b9fc7591a99 &lt;unknown&gt;
#12 0x5b9fc7594a6c &lt;unknown&gt;
#13 0x5b9fc757ad29 &lt;unknown&gt;
#14 0x5b9fc7595665 &lt;unknown&gt;
#15 0x5b9fc75626a3 &lt;unknown&gt;
#16 0x5b9fc75b77b8 &lt;unknown&gt;
#17 0x5b9fc75b7993 &lt;unknown&gt;
#18 0x5b9fc75c9a63 &lt;unknown&gt;
#19 0x712a09a9caa4 &lt;unknown&gt;
#20 0x712a09b29c6c &lt;unknown&gt;
</status>
</kw>
<kw name="Page Should Contain" owner="SeleniumLibrary">
<arg>${verification_text}</arg>
<doc>Verifies that current page contains ``text``.</doc>
<status status="NOT RUN" start="2025-11-06T12:54:09.128932" elapsed="0.000196"/>
</kw>
<kw name="Check Text On ChatPage" owner="Customer_To_Agent_Chat">
<arg>${expected_text}</arg>
<arg>${start_chat_text_path}</arg>
<status status="NOT RUN" start="2025-11-06T12:54:09.130065" elapsed="0.000139"/>
</kw>
<status status="FAIL" start="2025-11-06T12:54:02.911909" elapsed="6.218681">ElementClickInterceptedException: Message: element click intercepted: Element &lt;button id="sample-app-server-add-button" type="button" class="ant-btn css-1vr7spz ant-btn-text ant-btn-lg" style="font-size: 13px;"&gt;...&lt;/button&gt; is not clickable at point (1776, 171). Other element would receive the click: &lt;div class="ant-row ant-row-center home-container css-1vr7spz" style="margin-left: -12px; margin-right: -12px;"&gt;...&lt;/div&gt;
  (Session info: chrome=142.0.7444.59); For documentation on this error, please visit: https://www.selenium.dev/documentation/webdriver/troubleshooting/errors#elementclickinterceptedexception
Stacktrace:
#0 0x5b9fc75caaca &lt;unknown&gt;
#1 0x5b9fc7016cdb &lt;unknown&gt;
#2 0x5b9fc70705ac &lt;unknown&gt;
#3 0x5b9fc706e402 &lt;unknown&gt;
#4 0x5b9fc706ba92 &lt;unknown&gt;
#5 0x5b9fc706b12f &lt;unknown&gt;
#6 0x5b9fc705da0b &lt;unknown&gt;
#7 0x5b9fc705d387 &lt;unknown&gt;
#8 0x5b9fc70b5c87 &lt;unknown&gt;
#9 0x5b9fc705baca &lt;unknown&gt;
#10 0x5b9fc705c7d1 &lt;unknown&gt;
#11 0x5b9fc7591a99 &lt;unknown&gt;
#12 0x5b9fc7594a6c &lt;unknown&gt;
#13 0x5b9fc757ad29 &lt;unknown&gt;
#14 0x5b9fc7595665 &lt;unknown&gt;
#15 0x5b9fc75626a3 &lt;unknown&gt;
#16 0x5b9fc75b77b8 &lt;unknown&gt;
#17 0x5b9fc75b7993 &lt;unknown&gt;
#18 0x5b9fc75c9a63 &lt;unknown&gt;
#19 0x712a09a9caa4 &lt;unknown&gt;
#20 0x712a09b29c6c &lt;unknown&gt;
</status>
</kw>
<kw name="Wait and Click Element" owner="Customer_Recent_Chats">
<arg>${btn_complaint}</arg>
<status status="NOT RUN" start="2025-11-06T12:54:09.131106" elapsed="0.000121"/>
</kw>
<kw name="Wait and Click Element" owner="Customer_Recent_Chats">
<arg>${order_status_complaint}</arg>
<status status="NOT RUN" start="2025-11-06T12:54:09.131685" elapsed="0.000116"/>
</kw>
<kw name="Wait and Click Element" owner="Customer_Recent_Chats">
<arg>${btn_no}</arg>
<status status="NOT RUN" start="2025-11-06T12:54:09.132243" elapsed="0.000112"/>
</kw>
<kw name="Verify chat ended" owner="Customer_To_Agent_Chat">
<status status="NOT RUN" start="2025-11-06T12:54:09.132794" elapsed="0.000116"/>
</kw>
<kw name="End Chat from Customer Side" owner="Customer_To_Agent_Chat">
<arg>0</arg>
<status status="NOT RUN" start="2025-11-06T12:54:09.133373" elapsed="0.000112"/>
</kw>
<status status="FAIL" start="2025-11-06T12:54:02.909564" elapsed="6.224280">ElementClickInterceptedException: Message: element click intercepted: Element &lt;button id="sample-app-server-add-button" type="button" class="ant-btn css-1vr7spz ant-btn-text ant-btn-lg" style="font-size: 13px;"&gt;...&lt;/button&gt; is not clickable at point (1776, 171). Other element would receive the click: &lt;div class="ant-row ant-row-center home-container css-1vr7spz" style="margin-left: -12px; margin-right: -12px;"&gt;...&lt;/div&gt;
  (Session info: chrome=142.0.7444.59); For documentation on this error, please visit: https://www.selenium.dev/documentation/webdriver/troubleshooting/errors#elementclickinterceptedexception
Stacktrace:
#0 0x5b9fc75caaca &lt;unknown&gt;
#1 0x5b9fc7016cdb &lt;unknown&gt;
#2 0x5b9fc70705ac &lt;unknown&gt;
#3 0x5b9fc706e402 &lt;unknown&gt;
#4 0x5b9fc706ba92 &lt;unknown&gt;
#5 0x5b9fc706b12f &lt;unknown&gt;
#6 0x5b9fc705da0b &lt;unknown&gt;
#7 0x5b9fc705d387 &lt;unknown&gt;
#8 0x5b9fc70b5c87 &lt;unknown&gt;
#9 0x5b9fc705baca &lt;unknown&gt;
#10 0x5b9fc705c7d1 &lt;unknown&gt;
#11 0x5b9fc7591a99 &lt;unknown&gt;
#12 0x5b9fc7594a6c &lt;unknown&gt;
#13 0x5b9fc757ad29 &lt;unknown&gt;
#14 0x5b9fc7595665 &lt;unknown&gt;
#15 0x5b9fc75626a3 &lt;unknown&gt;
#16 0x5b9fc75b77b8 &lt;unknown&gt;
#17 0x5b9fc75b7993 &lt;unknown&gt;
#18 0x5b9fc75c9a63 &lt;unknown&gt;
#19 0x712a09a9caa4 &lt;unknown&gt;
#20 0x712a09b29c6c &lt;unknown&gt;
</status>
</kw>
<kw name="Close All Browsers" owner="SeleniumLibrary" type="TEARDOWN">
<doc>Closes all open browsers and resets the browser cache.</doc>
<status status="PASS" start="2025-11-06T12:54:09.134546" elapsed="0.172759"/>
</kw>
<doc>This test case is to initiate a chat from the customer side to virtual agent for homeal and raise a complaint regarding order not received</doc>
<tag>18</tag>
<tag>CVACHAT_18</tag>
<tag>homeal</tag>
<tag>new</tag>
<status status="FAIL" start="2025-11-06T12:54:02.905206" elapsed="6.402500">ElementClickInterceptedException: Message: element click intercepted: Element &lt;button id="sample-app-server-add-button" type="button" class="ant-btn css-1vr7spz ant-btn-text ant-btn-lg" style="font-size: 13px;"&gt;...&lt;/button&gt; is not clickable at point (1776, 171). Other element would receive the click: &lt;div class="ant-row ant-row-center home-container css-1vr7spz" style="margin-left: -12px; margin-right: -12px;"&gt;...&lt;/div&gt;
  (Session info: chrome=142.0.7444.59); For documentation on this error, please visit: https://www.selenium.dev/documentation/webdriver/troubleshooting/errors#elementclickinterceptedexception
Stacktrace:
#0 0x5b9fc75caaca &lt;unknown&gt;
#1 0x5b9fc7016cdb &lt;unknown&gt;
#2 0x5b9fc70705ac &lt;unknown&gt;
#3 0x5b9fc706e402 &lt;unknown&gt;
#4 0x5b9fc706ba92 &lt;unknown&gt;
#5 0x5b9fc706b12f &lt;unknown&gt;
#6 0x5b9fc705da0b &lt;unknown&gt;
#7 0x5b9fc705d387 &lt;unknown&gt;
#8 0x5b9fc70b5c87 &lt;unknown&gt;
#9 0x5b9fc705baca &lt;unknown&gt;
#10 0x5b9fc705c7d1 &lt;unknown&gt;
#11 0x5b9fc7591a99 &lt;unknown&gt;
#12 0x5b9fc7594a6c &lt;unknown&gt;
#13 0x5b9fc757ad29 &lt;unknown&gt;
#14 0x5b9fc7595665 &lt;unknown&gt;
#15 0x5b9fc75626a3 &lt;unknown&gt;
#16 0x5b9fc75b77b8 &lt;unknown&gt;
#17 0x5b9fc75b7993 &lt;unknown&gt;
#18 0x5b9fc75c9a63 &lt;unknown&gt;
#19 0x712a09a9caa4 &lt;unknown&gt;
#20 0x712a09b29c6c &lt;unknown&gt;
</status>
</test>
<test id="s1-t2" name="Initiate customer chat for homeal and raise a complaint regarding paid but order not placed" line="99">
<kw name="Initiate customer chat for homeal and raise a complaint regarding paid but order not placed" owner="Customer_To_Agent_Chat">
<kw name="start homeal chat" owner="Customer_To_Agent_Chat">
<kw name="Create List" owner="BuiltIn">
<msg time="2025-11-06T12:54:09.471906" level="INFO">${AGENT_BROWSERS} = []</msg>
<var>${AGENT_BROWSERS}</var>
<doc>Returns a list containing given items.</doc>
<status status="PASS" start="2025-11-06T12:54:09.471457" elapsed="0.000522"/>
</kw>
<kw name="Set Global Variable" owner="BuiltIn">
<msg time="2025-11-06T12:54:09.474682" level="INFO">${AGENT_BROWSERS} = []</msg>
<arg>${AGENT_BROWSERS}</arg>
<doc>Makes a variable available globally in all tests and suites.</doc>
<status status="PASS" start="2025-11-06T12:54:09.473677" elapsed="0.001218"/>
</kw>
<kw name="Initiate customer chat" owner="Customer_To_Agent_Chat">
<kw name="Start TestCase" owner="common_login">
<kw name="options_prop" owner="importfile">
<msg time="2025-11-06T12:54:09.481585" level="INFO">====== WebDriver manager ======</msg>
<msg time="2025-11-06T12:54:09.654444" level="INFO">Get LATEST chromedriver version for google-chrome</msg>
<msg time="2025-11-06T12:54:09.808694" level="INFO">Get LATEST chromedriver version for google-chrome</msg>
<msg time="2025-11-06T12:54:09.986812" level="INFO">Driver [/home/rohitbansal/.wdm/drivers/chromedriver/linux64/142.0.7444.61/chromedriver-linux64/chromedriver] found in cache</msg>
<msg time="2025-11-06T12:54:09.987508" level="INFO">${opt} = &lt;selenium.webdriver.chrome.options.Options object at 0x7bb0ad12b7d0&gt;</msg>
<msg time="2025-11-06T12:54:09.987758" level="INFO">${service} = &lt;selenium.webdriver.chrome.service.Service object at 0x7bb0ad150380&gt;</msg>
<var>${opt}</var>
<var>${service}</var>
<status status="PASS" start="2025-11-06T12:54:09.480519" elapsed="0.507360"/>
</kw>
<kw name="Run Keyword If" owner="BuiltIn">
<kw name="Open Browser" owner="SeleniumLibrary">
<msg time="2025-11-06T12:54:09.993120" level="INFO">Opening browser 'Chrome' to base url 'https://dev.sample-server.nouveau-labs.in/'.</msg>
<arg>${LOGIN_URL1}</arg>
<arg>${BROWSER}</arg>
<arg>options=${opt}</arg>
<arg>service=${service}</arg>
<doc>Opens a new browser instance to the optional ``url``.</doc>
<status status="PASS" start="2025-11-06T12:54:09.991149" elapsed="2.696335"/>
</kw>
<arg>'${BROWSER}'=='Chrome'</arg>
<arg>Open Browser</arg>
<arg>${LOGIN_URL1}</arg>
<arg>${BROWSER}</arg>
<arg>options=${opt}</arg>
<arg>service=${service}</arg>
<arg>ELSE IF</arg>
<arg>'${BROWSER}'=='edge'</arg>
<arg>Open Browser</arg>
<arg>${LOGIN_URL1}</arg>
<arg>${BROWSER}</arg>
<arg>options=add_argument("--use-fake-ui-for-media-stream");add_argument("--use-fake-device-for-media-stream")</arg>
<arg>ELSE</arg>
<arg>Open Browser</arg>
<arg>${LOGIN_URL1}</arg>
<arg>${BROWSER}</arg>
<arg>options=set_preference("media.navigator.permission.disabled", True)</arg>
<doc>Runs the given keyword with the given arguments, if ``condition`` is true.</doc>
<status status="PASS" start="2025-11-06T12:54:09.989589" elapsed="2.698779"/>
</kw>
<kw name="Maximize Browser Window" owner="SeleniumLibrary">
<doc>Maximizes current browser window.</doc>
<status status="PASS" start="2025-11-06T12:54:12.689168" elapsed="0.314832"/>
</kw>
<arg>${Customer_URL}</arg>
<status status="PASS" start="2025-11-06T12:54:09.478402" elapsed="3.526994"/>
</kw>
<kw name="Get Browser Ids" owner="SeleniumLibrary">
<msg time="2025-11-06T12:54:13.008477" level="INFO">${Customer_browsers} = [1]</msg>
<var>${Customer_browsers}</var>
<doc>Returns index of all active browser as list.</doc>
<status status="PASS" start="2025-11-06T12:54:13.007064" elapsed="0.001694"/>
</kw>
<kw name="Log To Console" owner="BuiltIn">
<arg>Current Browsers: ${Customer_browsers}</arg>
<doc>Logs the given message to the console.</doc>
<status status="PASS" start="2025-11-06T12:54:13.013798" elapsed="0.001648"/>
</kw>
<kw name="Set Variable" owner="BuiltIn">
<msg time="2025-11-06T12:54:13.023624" level="INFO">${C_Browser1} = 1</msg>
<var>${C_Browser1}</var>
<arg>${Customer_browsers}[-1]</arg>
<doc>Returns the given values which can then be assigned to a variables.</doc>
<status status="PASS" start="2025-11-06T12:54:13.018202" elapsed="0.005703"/>
</kw>
<kw name="Set Global Variable" owner="BuiltIn">
<msg time="2025-11-06T12:54:13.032042" level="INFO">${C_Browser1} = 1</msg>
<arg>${C_Browser1}</arg>
<doc>Makes a variable available globally in all tests and suites.</doc>
<status status="PASS" start="2025-11-06T12:54:13.029420" elapsed="0.004692"/>
</kw>
<kw name="Log To Console" owner="BuiltIn">
<arg>Current Customer Browser ID: ${C_Browser1}</arg>
<doc>Logs the given message to the console.</doc>
<status status="PASS" start="2025-11-06T12:54:13.038232" elapsed="0.002002"/>
</kw>
<kw name="Append To List" owner="Collections">
<arg>${AGENT_BROWSERS}</arg>
<arg>${C_Browser1}</arg>
<doc>Adds ``values`` to the end of ``list``.</doc>
<status status="PASS" start="2025-11-06T12:54:13.042441" elapsed="0.002355"/>
</kw>
<kw name="Maximize Browser Window" owner="SeleniumLibrary">
<doc>Maximizes current browser window.</doc>
<status status="PASS" start="2025-11-06T12:54:13.047004" elapsed="0.017238"/>
</kw>
<kw name="Click Element" owner="SeleniumLibrary">
<msg time="2025-11-06T12:54:13.068043" level="INFO">Clicking element '//input[@id="sample-app-server-dropdown"]'.</msg>
<arg>${Server_URL}</arg>
<doc>Click the element identified by ``locator``.</doc>
<status status="PASS" start="2025-11-06T12:54:13.066599" elapsed="0.507960"/>
</kw>
<kw name="Wait Until Element Is Visible" owner="SeleniumLibrary">
<arg>${Enter_Server_URL}</arg>
<arg>10</arg>
<doc>Waits until the element ``locator`` is visible.</doc>
<status status="PASS" start="2025-11-06T12:54:13.577522" elapsed="0.091943"/>
</kw>
<kw name="Input Text" owner="SeleniumLibrary">
<msg time="2025-11-06T12:54:13.671930" level="INFO">Typing text 'https://callsphere.evolvecx.nouveau-labs.in' into text field '//input[@id="sample-app-server-input-box"]'.</msg>
<arg>${Enter_Server_URL}</arg>
<arg>${Input_Server_URL}</arg>
<doc>Types the given ``text`` into the text field identified by ``locator``.</doc>
<status status="PASS" start="2025-11-06T12:54:13.670620" elapsed="0.618303"/>
</kw>
<kw name="Click Element" owner="SeleniumLibrary">
<msg time="2025-11-06T12:54:14.291842" level="INFO">Clicking element '//button[@id="sample-app-server-add-button"]'.</msg>
<msg time="2025-11-06T12:54:14.761885" level="INFO" html="true">&lt;/td&gt;&lt;/tr&gt;&lt;tr&gt;&lt;td colspan="3"&gt;&lt;a href="selenium-screenshot-2.png"&gt;&lt;img src="selenium-screenshot-2.png" width="800px"&gt;&lt;/a&gt;</msg>
<msg time="2025-11-06T12:54:14.762344" level="FAIL">ElementNotInteractableException: Message: element not interactable
  (Session info: chrome=142.0.7444.59); For documentation on this error, please visit: https://www.selenium.dev/documentation/webdriver/troubleshooting/errors#elementnotinteractableexception
Stacktrace:
#0 0x595f11f45aca &lt;unknown&gt;
#1 0x595f11991b08 &lt;unknown&gt;
#2 0x595f119e591e &lt;unknown&gt;
#3 0x595f119d8a0b &lt;unknown&gt;
#4 0x595f119d8387 &lt;unknown&gt;
#5 0x595f11a30c87 &lt;unknown&gt;
#6 0x595f119d6aca &lt;unknown&gt;
#7 0x595f119d77d1 &lt;unknown&gt;
#8 0x595f11f0ca99 &lt;unknown&gt;
#9 0x595f11f0fa6c &lt;unknown&gt;
#10 0x595f11ef5d29 &lt;unknown&gt;
#11 0x595f11f10665 &lt;unknown&gt;
#12 0x595f11edd6a3 &lt;unknown&gt;
#13 0x595f11f327b8 &lt;unknown&gt;
#14 0x595f11f32993 &lt;unknown&gt;
#15 0x595f11f44a63 &lt;unknown&gt;
#16 0x76d7c029caa4 &lt;unknown&gt;
#17 0x76d7c0329c6c &lt;unknown&gt;
</msg>
<arg>${Add_Server_URL}</arg>
<doc>Click the element identified by ``locator``.</doc>
<status status="FAIL" start="2025-11-06T12:54:14.290485" elapsed="0.473379">ElementNotInteractableException: Message: element not interactable
  (Session info: chrome=142.0.7444.59); For documentation on this error, please visit: https://www.selenium.dev/documentation/webdriver/troubleshooting/errors#elementnotinteractableexception
Stacktrace:
#0 0x595f11f45aca &lt;unknown&gt;
#1 0x595f11991b08 &lt;unknown&gt;
#2 0x595f119e591e &lt;unknown&gt;
#3 0x595f119d8a0b &lt;unknown&gt;
#4 0x595f119d8387 &lt;unknown&gt;
#5 0x595f11a30c87 &lt;unknown&gt;
#6 0x595f119d6aca &lt;unknown&gt;
#7 0x595f119d77d1 &lt;unknown&gt;
#8 0x595f11f0ca99 &lt;unknown&gt;
#9 0x595f11f0fa6c &lt;unknown&gt;
#10 0x595f11ef5d29 &lt;unknown&gt;
#11 0x595f11f10665 &lt;unknown&gt;
#12 0x595f11edd6a3 &lt;unknown&gt;
#13 0x595f11f327b8 &lt;unknown&gt;
#14 0x595f11f32993 &lt;unknown&gt;
#15 0x595f11f44a63 &lt;unknown&gt;
#16 0x76d7c029caa4 &lt;unknown&gt;
#17 0x76d7c0329c6c &lt;unknown&gt;
</status>
</kw>
<kw name="Click Element" owner="SeleniumLibrary">
<arg>${Virtual_chat_dropdown}</arg>
<doc>Click the element identified by ``locator``.</doc>
<status status="NOT RUN" start="2025-11-06T12:54:14.765048" elapsed="0.000204"/>
</kw>
<kw name="Wait Until Element Is Visible" owner="SeleniumLibrary">
<arg>${Virtual_chat_box_input}</arg>
<arg>10</arg>
<doc>Waits until the element ``locator`` is visible.</doc>
<status status="NOT RUN" start="2025-11-06T12:54:14.765835" elapsed="0.000120"/>
</kw>
<kw name="Input Text" owner="SeleniumLibrary">
<arg>${Virtual_chat_box_input}</arg>
<arg>${chat_agent}</arg>
<doc>Types the given ``text`` into the text field identified by ``locator``.</doc>
<status status="NOT RUN" start="2025-11-06T12:54:14.766403" elapsed="0.000109"/>
</kw>
<kw name="Click Element" owner="SeleniumLibrary">
<arg>${Add_Virtual_Chat_button}</arg>
<doc>Click the element identified by ``locator``.</doc>
<status status="NOT RUN" start="2025-11-06T12:54:14.766964" elapsed="0.000109"/>
</kw>
<kw name="Click Element" owner="SeleniumLibrary">
<arg>${Initiate_chat}</arg>
<doc>Click the element identified by ``locator``.</doc>
<status status="NOT RUN" start="2025-11-06T12:54:14.767487" elapsed="0.000105"/>
</kw>
<kw name="Wait Until Element Is Visible" owner="SeleniumLibrary">
<arg>${Full_name}</arg>
<arg>10</arg>
<doc>Waits until the element ``locator`` is visible.</doc>
<status status="NOT RUN" start="2025-11-06T12:54:14.768041" elapsed="0.000108"/>
</kw>
<kw name="Input Text" owner="SeleniumLibrary">
<arg>${Full_name}</arg>
<arg>${Customer_name}</arg>
<doc>Types the given ``text`` into the text field identified by ``locator``.</doc>
<status status="NOT RUN" start="2025-11-06T12:54:14.768746" elapsed="0.000120"/>
</kw>
<kw name="Input Text" owner="SeleniumLibrary">
<arg>${Customer_mail_add}</arg>
<arg>${Customer_email}</arg>
<doc>Types the given ``text`` into the text field identified by ``locator``.</doc>
<status status="NOT RUN" start="2025-11-06T12:54:14.769308" elapsed="0.000167"/>
</kw>
<kw name="Input Text" owner="SeleniumLibrary">
<arg>${Mobile_number}</arg>
<arg>${globalp_cust_number}</arg>
<doc>Types the given ``text`` into the text field identified by ``locator``.</doc>
<status status="NOT RUN" start="2025-11-06T12:54:14.770049" elapsed="0.000115"/>
</kw>
<kw name="Click Element" owner="SeleniumLibrary">
<arg>${Submit}</arg>
<doc>Click the element identified by ``locator``.</doc>
<status status="NOT RUN" start="2025-11-06T12:54:14.770588" elapsed="0.000124"/>
</kw>
<kw name="Input Text" owner="SeleniumLibrary">
<arg>${otp_1}</arg>
<arg>6</arg>
<doc>Types the given ``text`` into the text field identified by ``locator``.</doc>
<status status="NOT RUN" start="2025-11-06T12:54:14.771126" elapsed="0.000105"/>
</kw>
<kw name="Input Text" owner="SeleniumLibrary">
<arg>${otp_2}</arg>
<arg>3</arg>
<doc>Types the given ``text`` into the text field identified by ``locator``.</doc>
<status status="NOT RUN" start="2025-11-06T12:54:14.771663" elapsed="0.000105"/>
</kw>
<kw name="Input Text" owner="SeleniumLibrary">
<arg>${otp_3}</arg>
<arg>7</arg>
<doc>Types the given ``text`` into the text field identified by ``locator``.</doc>
<status status="NOT RUN" start="2025-11-06T12:54:14.772186" elapsed="0.000105"/>
</kw>
<kw name="Input Text" owner="SeleniumLibrary">
<arg>${otp_4}</arg>
<arg>9</arg>
<doc>Types the given ``text`` into the text field identified by ``locator``.</doc>
<status status="NOT RUN" start="2025-11-06T12:54:14.772717" elapsed="0.000104"/>
</kw>
<kw name="Sleep" owner="BuiltIn">
<arg>8s</arg>
<doc>Pauses the test executed for the given time.</doc>
<status status="NOT RUN" start="2025-11-06T12:54:14.773226" elapsed="0.000102"/>
</kw>
<arg>${Input_Virtual_Chat_Agent}</arg>
<status status="FAIL" start="2025-11-06T12:54:09.476938" elapsed="5.296785">ElementNotInteractableException: Message: element not interactable
  (Session info: chrome=142.0.7444.59); For documentation on this error, please visit: https://www.selenium.dev/documentation/webdriver/troubleshooting/errors#elementnotinteractableexception
Stacktrace:
#0 0x595f11f45aca &lt;unknown&gt;
#1 0x595f11991b08 &lt;unknown&gt;
#2 0x595f119e591e &lt;unknown&gt;
#3 0x595f119d8a0b &lt;unknown&gt;
#4 0x595f119d8387 &lt;unknown&gt;
#5 0x595f11a30c87 &lt;unknown&gt;
#6 0x595f119d6aca &lt;unknown&gt;
#7 0x595f119d77d1 &lt;unknown&gt;
#8 0x595f11f0ca99 &lt;unknown&gt;
#9 0x595f11f0fa6c &lt;unknown&gt;
#10 0x595f11ef5d29 &lt;unknown&gt;
#11 0x595f11f10665 &lt;unknown&gt;
#12 0x595f11edd6a3 &lt;unknown&gt;
#13 0x595f11f327b8 &lt;unknown&gt;
#14 0x595f11f32993 &lt;unknown&gt;
#15 0x595f11f44a63 &lt;unknown&gt;
#16 0x76d7c029caa4 &lt;unknown&gt;
#17 0x76d7c0329c6c &lt;unknown&gt;
</status>
</kw>
<kw name="Page Should Contain" owner="SeleniumLibrary">
<arg>${verification_text}</arg>
<doc>Verifies that current page contains ``text``.</doc>
<status status="NOT RUN" start="2025-11-06T12:54:14.774192" elapsed="0.000110"/>
</kw>
<kw name="Check Text On ChatPage" owner="Customer_To_Agent_Chat">
<arg>${expected_text}</arg>
<arg>${start_chat_text_path}</arg>
<status status="NOT RUN" start="2025-11-06T12:54:14.774948" elapsed="0.000139"/>
</kw>
<status status="FAIL" start="2025-11-06T12:54:09.470696" elapsed="5.305941">ElementNotInteractableException: Message: element not interactable
  (Session info: chrome=142.0.7444.59); For documentation on this error, please visit: https://www.selenium.dev/documentation/webdriver/troubleshooting/errors#elementnotinteractableexception
Stacktrace:
#0 0x595f11f45aca &lt;unknown&gt;
#1 0x595f11991b08 &lt;unknown&gt;
#2 0x595f119e591e &lt;unknown&gt;
#3 0x595f119d8a0b &lt;unknown&gt;
#4 0x595f119d8387 &lt;unknown&gt;
#5 0x595f11a30c87 &lt;unknown&gt;
#6 0x595f119d6aca &lt;unknown&gt;
#7 0x595f119d77d1 &lt;unknown&gt;
#8 0x595f11f0ca99 &lt;unknown&gt;
#9 0x595f11f0fa6c &lt;unknown&gt;
#10 0x595f11ef5d29 &lt;unknown&gt;
#11 0x595f11f10665 &lt;unknown&gt;
#12 0x595f11edd6a3 &lt;unknown&gt;
#13 0x595f11f327b8 &lt;unknown&gt;
#14 0x595f11f32993 &lt;unknown&gt;
#15 0x595f11f44a63 &lt;unknown&gt;
#16 0x76d7c029caa4 &lt;unknown&gt;
#17 0x76d7c0329c6c &lt;unknown&gt;
</status>
</kw>
<kw name="Wait and Click Element" owner="Customer_Recent_Chats">
<arg>${btn_complaint}</arg>
<status status="NOT RUN" start="2025-11-06T12:54:14.777289" elapsed="0.000167"/>
</kw>
<kw name="Wait and Click Element" owner="Customer_Recent_Chats">
<arg>${paid_but_order_not_placed_complaint}</arg>
<status status="NOT RUN" start="2025-11-06T12:54:14.777997" elapsed="0.000131"/>
</kw>
<kw name="Wait and Click Element" owner="Customer_Recent_Chats">
<arg>${btn_no}</arg>
<status status="NOT RUN" start="2025-11-06T12:54:14.778666" elapsed="0.000132"/>
</kw>
<kw name="Verify chat ended" owner="Customer_To_Agent_Chat">
<status status="NOT RUN" start="2025-11-06T12:54:14.779333" elapsed="0.000140"/>
</kw>
<kw name="End Chat from Customer Side" owner="Customer_To_Agent_Chat">
<arg>0</arg>
<status status="NOT RUN" start="2025-11-06T12:54:14.780044" elapsed="0.000122"/>
</kw>
<status status="FAIL" start="2025-11-06T12:54:09.469929" elapsed="5.310620">ElementNotInteractableException: Message: element not interactable
  (Session info: chrome=142.0.7444.59); For documentation on this error, please visit: https://www.selenium.dev/documentation/webdriver/troubleshooting/errors#elementnotinteractableexception
Stacktrace:
#0 0x595f11f45aca &lt;unknown&gt;
#1 0x595f11991b08 &lt;unknown&gt;
#2 0x595f119e591e &lt;unknown&gt;
#3 0x595f119d8a0b &lt;unknown&gt;
#4 0x595f119d8387 &lt;unknown&gt;
#5 0x595f11a30c87 &lt;unknown&gt;
#6 0x595f119d6aca &lt;unknown&gt;
#7 0x595f119d77d1 &lt;unknown&gt;
#8 0x595f11f0ca99 &lt;unknown&gt;
#9 0x595f11f0fa6c &lt;unknown&gt;
#10 0x595f11ef5d29 &lt;unknown&gt;
#11 0x595f11f10665 &lt;unknown&gt;
#12 0x595f11edd6a3 &lt;unknown&gt;
#13 0x595f11f327b8 &lt;unknown&gt;
#14 0x595f11f32993 &lt;unknown&gt;
#15 0x595f11f44a63 &lt;unknown&gt;
#16 0x76d7c029caa4 &lt;unknown&gt;
#17 0x76d7c0329c6c &lt;unknown&gt;
</status>
</kw>
<kw name="Close All Browsers" owner="SeleniumLibrary" type="TEARDOWN">
<doc>Closes all open browsers and resets the browser cache.</doc>
<status status="PASS" start="2025-11-06T12:54:14.781270" elapsed="0.119934"/>
</kw>
<doc>This test case is to initiate a chat from the customer side to virtual agent for homeal and raise a complaint regarding paid but order not placed</doc>
<tag>19</tag>
<tag>CVACHAT_19</tag>
<tag>homeal</tag>
<tag>new</tag>
<status status="FAIL" start="2025-11-06T12:54:09.468691" elapsed="5.432911">ElementNotInteractableException: Message: element not interactable
  (Session info: chrome=142.0.7444.59); For documentation on this error, please visit: https://www.selenium.dev/documentation/webdriver/troubleshooting/errors#elementnotinteractableexception
Stacktrace:
#0 0x595f11f45aca &lt;unknown&gt;
#1 0x595f11991b08 &lt;unknown&gt;
#2 0x595f119e591e &lt;unknown&gt;
#3 0x595f119d8a0b &lt;unknown&gt;
#4 0x595f119d8387 &lt;unknown&gt;
#5 0x595f11a30c87 &lt;unknown&gt;
#6 0x595f119d6aca &lt;unknown&gt;
#7 0x595f119d77d1 &lt;unknown&gt;
#8 0x595f11f0ca99 &lt;unknown&gt;
#9 0x595f11f0fa6c &lt;unknown&gt;
#10 0x595f11ef5d29 &lt;unknown&gt;
#11 0x595f11f10665 &lt;unknown&gt;
#12 0x595f11edd6a3 &lt;unknown&gt;
#13 0x595f11f327b8 &lt;unknown&gt;
#14 0x595f11f32993 &lt;unknown&gt;
#15 0x595f11f44a63 &lt;unknown&gt;
#16 0x76d7c029caa4 &lt;unknown&gt;
#17 0x76d7c0329c6c &lt;unknown&gt;
</status>
</test>
<test id="s1-t3" name="Initiate customer chat for homeal and raise a complaint regarding subscription issue" line="104">
<kw name="Initiate customer chat for homeal and raise a complaint regarding subscription issue" owner="Customer_To_Agent_Chat">
<kw name="start homeal chat" owner="Customer_To_Agent_Chat">
<kw name="Create List" owner="BuiltIn">
<msg time="2025-11-06T12:54:15.051939" level="INFO">${AGENT_BROWSERS} = []</msg>
<var>${AGENT_BROWSERS}</var>
<doc>Returns a list containing given items.</doc>
<status status="PASS" start="2025-11-06T12:54:15.051362" elapsed="0.000701"/>
</kw>
<kw name="Set Global Variable" owner="BuiltIn">
<msg time="2025-11-06T12:54:15.053581" level="INFO">${AGENT_BROWSERS} = []</msg>
<arg>${AGENT_BROWSERS}</arg>
<doc>Makes a variable available globally in all tests and suites.</doc>
<status status="PASS" start="2025-11-06T12:54:15.053022" elapsed="0.000716"/>
</kw>
<kw name="Initiate customer chat" owner="Customer_To_Agent_Chat">
<kw name="Start TestCase" owner="common_login">
<kw name="options_prop" owner="importfile">
<msg time="2025-11-06T12:54:15.057201" level="INFO">====== WebDriver manager ======</msg>
<msg time="2025-11-06T12:54:15.262197" level="INFO">Get LATEST chromedriver version for google-chrome</msg>
<msg time="2025-11-06T12:54:15.387151" level="INFO">Get LATEST chromedriver version for google-chrome</msg>
<msg time="2025-11-06T12:54:15.563359" level="INFO">Driver [/home/rohitbansal/.wdm/drivers/chromedriver/linux64/142.0.7444.61/chromedriver-linux64/chromedriver] found in cache</msg>
<msg time="2025-11-06T12:54:15.564103" level="INFO">${opt} = &lt;selenium.webdriver.chrome.options.Options object at 0x7bb0aa5565a0&gt;</msg>
<msg time="2025-11-06T12:54:15.564327" level="INFO">${service} = &lt;selenium.webdriver.chrome.service.Service object at 0x7bb0ad1284a0&gt;</msg>
<var>${opt}</var>
<var>${service}</var>
<status status="PASS" start="2025-11-06T12:54:15.056790" elapsed="0.507647"/>
</kw>
<kw name="Run Keyword If" owner="BuiltIn">
<kw name="Open Browser" owner="SeleniumLibrary">
<msg time="2025-11-06T12:54:15.569098" level="INFO">Opening browser 'Chrome' to base url 'https://dev.sample-server.nouveau-labs.in/'.</msg>
<arg>${LOGIN_URL1}</arg>
<arg>${BROWSER}</arg>
<arg>options=${opt}</arg>
<arg>service=${service}</arg>
<doc>Opens a new browser instance to the optional ``url``.</doc>
<status status="PASS" start="2025-11-06T12:54:15.567857" elapsed="2.804166"/>
</kw>
<arg>'${BROWSER}'=='Chrome'</arg>
<arg>Open Browser</arg>
<arg>${LOGIN_URL1}</arg>
<arg>${BROWSER}</arg>
<arg>options=${opt}</arg>
<arg>service=${service}</arg>
<arg>ELSE IF</arg>
<arg>'${BROWSER}'=='edge'</arg>
<arg>Open Browser</arg>
<arg>${LOGIN_URL1}</arg>
<arg>${BROWSER}</arg>
<arg>options=add_argument("--use-fake-ui-for-media-stream");add_argument("--use-fake-device-for-media-stream")</arg>
<arg>ELSE</arg>
<arg>Open Browser</arg>
<arg>${LOGIN_URL1}</arg>
<arg>${BROWSER}</arg>
<arg>options=set_preference("media.navigator.permission.disabled", True)</arg>
<doc>Runs the given keyword with the given arguments, if ``condition`` is true.</doc>
<status status="PASS" start="2025-11-06T12:54:15.566174" elapsed="2.806766"/>
</kw>
<kw name="Maximize Browser Window" owner="SeleniumLibrary">
<doc>Maximizes current browser window.</doc>
<status status="PASS" start="2025-11-06T12:54:18.373948" elapsed="0.314596"/>
</kw>
<arg>${Customer_URL}</arg>
<status status="PASS" start="2025-11-06T12:54:15.055883" elapsed="3.633734"/>
</kw>
<kw name="Get Browser Ids" owner="SeleniumLibrary">
<msg time="2025-11-06T12:54:18.693312" level="INFO">${Customer_browsers} = [1]</msg>
<var>${Customer_browsers}</var>
<doc>Returns index of all active browser as list.</doc>
<status status="PASS" start="2025-11-06T12:54:18.691308" elapsed="0.002228"/>
</kw>
<kw name="Log To Console" owner="BuiltIn">
<arg>Current Browsers: ${Customer_browsers}</arg>
<doc>Logs the given message to the console.</doc>
<status status="PASS" start="2025-11-06T12:54:18.696083" elapsed="0.001754"/>
</kw>
<kw name="Set Variable" owner="BuiltIn">
<msg time="2025-11-06T12:54:18.701418" level="INFO">${C_Browser1} = 1</msg>
<var>${C_Browser1}</var>
<arg>${Customer_browsers}[-1]</arg>
<doc>Returns the given values which can then be assigned to a variables.</doc>
<status status="PASS" start="2025-11-06T12:54:18.699885" elapsed="0.001742"/>
</kw>
<kw name="Set Global Variable" owner="BuiltIn">
<msg time="2025-11-06T12:54:18.707508" level="INFO">${C_Browser1} = 1</msg>
<arg>${C_Browser1}</arg>
<doc>Makes a variable available globally in all tests and suites.</doc>
<status status="PASS" start="2025-11-06T12:54:18.704026" elapsed="0.003988"/>
</kw>
<kw name="Log To Console" owner="BuiltIn">
<arg>Current Customer Browser ID: ${C_Browser1}</arg>
<doc>Logs the given message to the console.</doc>
<status status="PASS" start="2025-11-06T12:54:18.710448" elapsed="0.001665"/>
</kw>
<kw name="Append To List" owner="Collections">
<arg>${AGENT_BROWSERS}</arg>
<arg>${C_Browser1}</arg>
<doc>Adds ``values`` to the end of ``list``.</doc>
<status status="PASS" start="2025-11-06T12:54:18.713938" elapsed="0.001387"/>
</kw>
<kw name="Maximize Browser Window" owner="SeleniumLibrary">
<doc>Maximizes current browser window.</doc>
<status status="PASS" start="2025-11-06T12:54:18.717193" elapsed="0.019311"/>
</kw>
<kw name="Click Element" owner="SeleniumLibrary">
<msg time="2025-11-06T12:54:18.739854" level="INFO">Clicking element '//input[@id="sample-app-server-dropdown"]'.</msg>
<arg>${Server_URL}</arg>
<doc>Click the element identified by ``locator``.</doc>
<status status="PASS" start="2025-11-06T12:54:18.738526" elapsed="0.382299"/>
</kw>
<kw name="Wait Until Element Is Visible" owner="SeleniumLibrary">
<arg>${Enter_Server_URL}</arg>
<arg>10</arg>
<doc>Waits until the element ``locator`` is visible.</doc>
<status status="PASS" start="2025-11-06T12:54:19.122517" elapsed="0.315379"/>
</kw>
<kw name="Input Text" owner="SeleniumLibrary">
<msg time="2025-11-06T12:54:19.440110" level="INFO">Typing text 'https://callsphere.evolvecx.nouveau-labs.in' into text field '//input[@id="sample-app-server-input-box"]'.</msg>
<arg>${Enter_Server_URL}</arg>
<arg>${Input_Server_URL}</arg>
<doc>Types the given ``text`` into the text field identified by ``locator``.</doc>
<status status="PASS" start="2025-11-06T12:54:19.439060" elapsed="0.451345"/>
</kw>
<kw name="Click Element" owner="SeleniumLibrary">
<msg time="2025-11-06T12:54:19.892572" level="INFO">Clicking element '//button[@id="sample-app-server-add-button"]'.</msg>
<arg>${Add_Server_URL}</arg>
<doc>Click the element identified by ``locator``.</doc>
<status status="PASS" start="2025-11-06T12:54:19.891619" elapsed="0.164777"/>
</kw>
<kw name="Click Element" owner="SeleniumLibrary">
<msg time="2025-11-06T12:54:20.060559" level="INFO">Clicking element '//input[@id="sample-app-chat-virtual-agent-dropdown"]'.</msg>
<arg>${Virtual_chat_dropdown}</arg>
<doc>Click the element identified by ``locator``.</doc>
<status status="PASS" start="2025-11-06T12:54:20.059669" elapsed="0.174810"/>
</kw>
<kw name="Wait Until Element Is Visible" owner="SeleniumLibrary">
<arg>${Virtual_chat_box_input}</arg>
<arg>10</arg>
<doc>Waits until the element ``locator`` is visible.</doc>
<status status="PASS" start="2025-11-06T12:54:20.235662" elapsed="0.289056"/>
</kw>
<kw name="Input Text" owner="SeleniumLibrary">
<msg time="2025-11-06T12:54:20.528316" level="INFO">Typing text 'homeal@support.com' into text field '//input[@id="sample-app-chat-virtual-agent-input-box"]'.</msg>
<arg>${Virtual_chat_box_input}</arg>
<arg>${chat_agent}</arg>
<doc>Types the given ``text`` into the text field identified by ``locator``.</doc>
<status status="PASS" start="2025-11-06T12:54:20.526826" elapsed="0.309882"/>
</kw>
<kw name="Click Element" owner="SeleniumLibrary">
<msg time="2025-11-06T12:54:20.838780" level="INFO">Clicking element '//button[@id="sample-app-chat-virtual-agent-add-button"]'.</msg>
<arg>${Add_Virtual_Chat_button}</arg>
<doc>Click the element identified by ``locator``.</doc>
<status status="PASS" start="2025-11-06T12:54:20.838043" elapsed="0.145357"/>
</kw>
<kw name="Click Element" owner="SeleniumLibrary">
<msg time="2025-11-06T12:54:20.985309" level="INFO">Clicking element '//button[@id="sample-app-chat-button"]'.</msg>
<arg>${Initiate_chat}</arg>
<doc>Click the element identified by ``locator``.</doc>
<status status="PASS" start="2025-11-06T12:54:20.984725" elapsed="0.394207"/>
</kw>
<kw name="Wait Until Element Is Visible" owner="SeleniumLibrary">
<arg>${Full_name}</arg>
<arg>10</arg>
<doc>Waits until the element ``locator`` is visible.</doc>
<status status="PASS" start="2025-11-06T12:54:21.382054" elapsed="0.133620"/>
</kw>
<kw name="Input Text" owner="SeleniumLibrary">
<msg time="2025-11-06T12:54:21.518408" level="INFO">Typing text 'DolphinCX Customer' into text field '//input[@id="full_name"]'.</msg>
<arg>${Full_name}</arg>
<arg>${Customer_name}</arg>
<doc>Types the given ``text`` into the text field identified by ``locator``.</doc>
<status status="PASS" start="2025-11-06T12:54:21.516863" elapsed="0.443627"/>
</kw>
<kw name="Input Text" owner="SeleniumLibrary">
<msg time="2025-11-06T12:54:21.969696" level="INFO">Typing text 'dolphincx@cus.com' into text field '//input[@id="email"]'.</msg>
<arg>${Customer_mail_add}</arg>
<arg>${Customer_email}</arg>
<doc>Types the given ``text`` into the text field identified by ``locator``.</doc>
<status status="PASS" start="2025-11-06T12:54:21.968789" elapsed="0.521138"/>
</kw>
<kw name="Input Text" owner="SeleniumLibrary">
<msg time="2025-11-06T12:54:22.493972" level="INFO">Typing text '9944776655' into text field '//input[@placeholder="Mobile Number"]'.</msg>
<arg>${Mobile_number}</arg>
<arg>${globalp_cust_number}</arg>
<doc>Types the given ``text`` into the text field identified by ``locator``.</doc>
<status status="PASS" start="2025-11-06T12:54:22.493062" elapsed="0.346562"/>
</kw>
<kw name="Click Element" owner="SeleniumLibrary">
<msg time="2025-11-06T12:54:22.841584" level="INFO">Clicking element '//button[@type="submit"]'.</msg>
<arg>${Submit}</arg>
<doc>Click the element identified by ``locator``.</doc>
<status status="PASS" start="2025-11-06T12:54:22.840747" elapsed="0.227102"/>
</kw>
<kw name="Input Text" owner="SeleniumLibrary">
<msg time="2025-11-06T12:54:23.069665" level="INFO">Typing text '6' into text field '//input[@aria-label="Please enter OTP character 1"]'.</msg>
<arg>${otp_1}</arg>
<arg>6</arg>
<doc>Types the given ``text`` into the text field identified by ``locator``.</doc>
<status status="PASS" start="2025-11-06T12:54:23.068977" elapsed="0.152503"/>
</kw>
<kw name="Input Text" owner="SeleniumLibrary">
<msg time="2025-11-06T12:54:23.222913" level="INFO">Typing text '3' into text field '//input[@aria-label="Please enter OTP character 2"]'.</msg>
<arg>${otp_2}</arg>
<arg>3</arg>
<doc>Types the given ``text`` into the text field identified by ``locator``.</doc>
<status status="PASS" start="2025-11-06T12:54:23.222411" elapsed="0.153542"/>
</kw>
<kw name="Input Text" owner="SeleniumLibrary">
<msg time="2025-11-06T12:54:23.380044" level="INFO">Typing text '7' into text field '//input[@aria-label="Please enter OTP character 3"]'.</msg>
<arg>${otp_3}</arg>
<arg>7</arg>
<doc>Types the given ``text`` into the text field identified by ``locator``.</doc>
<status status="PASS" start="2025-11-06T12:54:23.377903" elapsed="0.255665"/>
</kw>
<kw name="Input Text" owner="SeleniumLibrary">
<msg time="2025-11-06T12:54:23.635939" level="INFO">Typing text '9' into text field '//input[@aria-label="Please enter OTP character 4"]'.</msg>
<arg>${otp_4}</arg>
<arg>9</arg>
<doc>Types the given ``text`` into the text field identified by ``locator``.</doc>
<status status="PASS" start="2025-11-06T12:54:23.635133" elapsed="0.179449"/>
</kw>
<kw name="Sleep" owner="BuiltIn">
<msg time="2025-11-06T12:54:31.816400" level="INFO">Slept 8 seconds.</msg>
<arg>8s</arg>
<doc>Pauses the test executed for the given time.</doc>
<status status="PASS" start="2025-11-06T12:54:23.815720" elapsed="8.001061"/>
</kw>
<arg>${Input_Virtual_Chat_Agent}</arg>
<status status="PASS" start="2025-11-06T12:54:15.054787" elapsed="16.763425"/>
</kw>
<kw name="Page Should Contain" owner="SeleniumLibrary">
<msg time="2025-11-06T12:54:31.922951" level="INFO">Current page contains text 'Welcome. Please wait while we connect with an agent.'.</msg>
<arg>${verification_text}</arg>
<doc>Verifies that current page contains ``text``.</doc>
<status status="PASS" start="2025-11-06T12:54:31.819312" elapsed="0.103960"/>
</kw>
<kw name="Check Text On ChatPage" owner="Customer_To_Agent_Chat">
<kw name="Wait Until Element Is Visible" owner="SeleniumLibrary">
<arg>xpath=${x_path}</arg>
<arg>10</arg>
<doc>Waits until the element ``locator`` is visible.</doc>
<status status="PASS" start="2025-11-06T12:54:31.928335" elapsed="0.061954"/>
</kw>
<kw name="Get Text" owner="SeleniumLibrary">
<msg time="2025-11-06T12:54:32.073967" level="INFO">${page_text} = Reena added to the chat</msg>
<var>${page_text}</var>
<arg>xpath=${x_path}</arg>
<doc>Returns the text value of the element identified by ``locator``.</doc>
<status status="PASS" start="2025-11-06T12:54:31.991913" elapsed="0.082381"/>
</kw>
<kw name="Log To Console" owner="BuiltIn">
<arg>Page Text Extracted: ${page_text}</arg>
<doc>Logs the given message to the console.</doc>
<status status="PASS" start="2025-11-06T12:54:32.076386" elapsed="0.000975"/>
</kw>
<kw name="Run Keyword And Return Status" owner="BuiltIn">
<kw name="Should Contain" owner="BuiltIn">
<arg>${page_text}</arg>
<arg>${exp_text}</arg>
<doc>Fails if ``container`` does not contain ``item`` one or more times.</doc>
<status status="PASS" start="2025-11-06T12:54:32.079346" elapsed="0.000832"/>
</kw>
<msg time="2025-11-06T12:54:32.080933" level="INFO">${page_contains} = True</msg>
<var>${page_contains}</var>
<arg>Should Contain</arg>
<arg>${page_text}</arg>
<arg>${exp_text}</arg>
<doc>Runs the given keyword with given arguments and returns the status as a Boolean value.</doc>
<status status="PASS" start="2025-11-06T12:54:32.078435" elapsed="0.002628"/>
</kw>
<kw name="Log To Console" owner="BuiltIn">
<arg>Does the page contain expected text? ${page_contains}</arg>
<doc>Logs the given message to the console.</doc>
<status status="PASS" start="2025-11-06T12:54:32.082565" elapsed="0.000918"/>
</kw>
<if>
<branch type="IF" condition="'${page_contains}'=='False'">
<kw name="Fail" owner="BuiltIn">
<arg>Expected text: ${exp_text} not found in the page text: ${page_text}</arg>
<doc>Fails the test with the given message and optionally alters its tags.</doc>
<status status="NOT RUN" start="2025-11-06T12:54:32.085510" elapsed="0.000283"/>
</kw>
<status status="NOT RUN" start="2025-11-06T12:54:32.084426" elapsed="0.001888"/>
</branch>
<branch type="ELSE">
<kw name="Log To Console" owner="BuiltIn">
<arg>Expected text: ${exp_text} found in the page text: ${page_text}</arg>
<doc>Logs the given message to the console.</doc>
<status status="PASS" start="2025-11-06T12:54:32.087581" elapsed="0.000884"/>
</kw>
<status status="PASS" start="2025-11-06T12:54:32.086844" elapsed="0.002197"/>
</branch>
<status status="PASS" start="2025-11-06T12:54:32.084305" elapsed="0.005245"/>
</if>
<arg>${expected_text}</arg>
<arg>${start_chat_text_path}</arg>
<status status="PASS" start="2025-11-06T12:54:31.926231" elapsed="0.163720"/>
</kw>
<status status="PASS" start="2025-11-06T12:54:15.050597" elapsed="17.040379"/>
</kw>
<kw name="Wait and Click Element" owner="Customer_Recent_Chats">
<kw name="Wait Until Element Is Visible" owner="SeleniumLibrary">
<arg>${locator}</arg>
<arg>${timeout}</arg>
<doc>Waits until the element ``locator`` is visible.</doc>
<status status="PASS" start="2025-11-06T12:54:32.093825" elapsed="0.061400"/>
</kw>
<kw name="Click Element" owner="SeleniumLibrary">
<msg time="2025-11-06T12:54:32.157902" level="INFO">Clicking element '//button[normalize-space(.)='Raise a complaint']'.</msg>
<arg>${locator}</arg>
<doc>Click the element identified by ``locator``.</doc>
<status status="PASS" start="2025-11-06T12:54:32.156634" elapsed="0.277642"/>
</kw>
<arg>${btn_complaint}</arg>
<status status="PASS" start="2025-11-06T12:54:32.092108" elapsed="0.344620"/>
</kw>
<kw name="Wait and Click Element" owner="Customer_Recent_Chats">
<kw name="Wait Until Element Is Visible" owner="SeleniumLibrary">
<arg>${locator}</arg>
<arg>${timeout}</arg>
<doc>Waits until the element ``locator`` is visible.</doc>
<status status="PASS" start="2025-11-06T12:54:32.441742" elapsed="1.146594"/>
</kw>
<kw name="Click Element" owner="SeleniumLibrary">
<msg time="2025-11-06T12:54:33.590928" level="INFO">Clicking element '//button[normalize-space(.)='I am facing issue with my subscription']'.</msg>
<arg>${locator}</arg>
<doc>Click the element identified by ``locator``.</doc>
<status status="PASS" start="2025-11-06T12:54:33.589221" elapsed="0.151652"/>
</kw>
<arg>${subscripttion_complaint}</arg>
<status status="PASS" start="2025-11-06T12:54:32.438297" elapsed="1.303946"/>
</kw>
<kw name="Wait and Click Element" owner="Customer_Recent_Chats">
<kw name="Wait Until Element Is Visible" owner="SeleniumLibrary">
<arg>${locator}</arg>
<arg>${timeout}</arg>
<doc>Waits until the element ``locator`` is visible.</doc>
<status status="PASS" start="2025-11-06T12:54:33.745034" elapsed="2.750753"/>
</kw>
<kw name="Click Element" owner="SeleniumLibrary">
<msg time="2025-11-06T12:54:36.496983" level="INFO">Clicking element '//button[normalize-space(.)='Subscription - Lunch']'.</msg>
<arg>${locator}</arg>
<doc>Click the element identified by ``locator``.</doc>
<status status="PASS" start="2025-11-06T12:54:36.496481" elapsed="0.201364"/>
</kw>
<arg>${lunch_sub}</arg>
<status status="PASS" start="2025-11-06T12:54:33.743345" elapsed="2.956117"/>
</kw>
<kw name="Wait Until Element Is Visible" owner="SeleniumLibrary">
<arg>${sub_issue_describe}</arg>
<doc>Waits until the element ``locator`` is visible.</doc>
<status status="PASS" start="2025-11-06T12:54:36.700942" elapsed="0.844837"/>
</kw>
<kw name="Input Text" owner="SeleniumLibrary">
<msg time="2025-11-06T12:54:37.548673" level="INFO">Typing text 'Food is not good' into text field '//textarea[@id="dvc-chat-message-input-box"]'.</msg>
<arg>${text_box_customer}</arg>
<arg>Food is not good</arg>
<doc>Types the given ``text`` into the text field identified by ``locator``.</doc>
<status status="PASS" start="2025-11-06T12:54:37.547303" elapsed="0.546319"/>
</kw>
<kw name="Wait Until Element Is Visible" owner="SeleniumLibrary">
<arg>${send_msg_button_customer}</arg>
<arg>10</arg>
<doc>Waits until the element ``locator`` is visible.</doc>
<status status="PASS" start="2025-11-06T12:54:38.095142" elapsed="0.049171"/>
</kw>
<kw name="Press Keys" owner="SeleniumLibrary">
<msg time="2025-11-06T12:54:38.145755" level="INFO">Sending key(s) ('RETURN',) to //*[name()='svg' and @id="dvc-chat-message-send-button"] element.</msg>
<msg time="2025-11-06T12:54:38.577232" level="INFO">Pressing special key RETURN to element.</msg>
<msg time="2025-11-06T12:54:38.577532" level="INFO">Releasing special key RETURN.</msg>
<arg>${send_msg_button_customer}</arg>
<arg>RETURN</arg>
<doc>Simulates the user pressing key(s) to an element or on the active browser.</doc>
<status status="PASS" start="2025-11-06T12:54:38.144962" elapsed="0.500809"/>
</kw>
<kw name="Wait and Click Element" owner="Customer_Recent_Chats">
<kw name="Wait Until Element Is Visible" owner="SeleniumLibrary">
<arg>${locator}</arg>
<arg>${timeout}</arg>
<doc>Waits until the element ``locator`` is visible.</doc>
<status status="PASS" start="2025-11-06T12:54:38.648066" elapsed="0.812472"/>
</kw>
<kw name="Click Element" owner="SeleniumLibrary">
<msg time="2025-11-06T12:54:39.461662" level="INFO">Clicking element '//button[normalize-space(.)= 'No']'.</msg>
<arg>${locator}</arg>
<doc>Click the element identified by ``locator``.</doc>
<status status="PASS" start="2025-11-06T12:54:39.461210" elapsed="0.155919"/>
</kw>
<arg>${btn_no}</arg>
<status status="PASS" start="2025-11-06T12:54:38.646839" elapsed="0.971621"/>
</kw>
<kw name="Verify chat ended" owner="Customer_To_Agent_Chat">
<kw name="Wait Until Element Is Visible" owner="SeleniumLibrary">
<arg>${chat_session_end}</arg>
<arg>10s</arg>
<doc>Waits until the element ``locator`` is visible.</doc>
<status status="PASS" start="2025-11-06T12:54:39.620971" elapsed="1.033012"/>
</kw>
<status status="PASS" start="2025-11-06T12:54:39.619573" elapsed="1.034843"/>
</kw>
<kw name="End Chat from Customer Side" owner="Customer_To_Agent_Chat">
<kw name="Switch Browser" owner="SeleniumLibrary">
<arg>${AGENT_BROWSERS}[${browser_index}]</arg>
<doc>Switches between active browsers using ``index_or_alias``.</doc>
<status status="PASS" start="2025-11-06T12:54:40.656942" elapsed="0.000753"/>
</kw>
<kw name="Switch Window" owner="SeleniumLibrary">
<arg>MAIN</arg>
<doc>Switches to browser window matching ``locator``.</doc>
<status status="PASS" start="2025-11-06T12:54:40.658433" elapsed="0.007667"/>
</kw>
<kw name="Wait Until Element Is Visible" owner="SeleniumLibrary">
<arg>//span[@id="dvc-chat-header-exit"]</arg>
<doc>Waits until the element ``locator`` is visible.</doc>
<status status="PASS" start="2025-11-06T12:54:40.667111" elapsed="0.067271"/>
</kw>
<kw name="Click Element" owner="SeleniumLibrary">
<msg time="2025-11-06T12:54:40.735440" level="INFO">Clicking element '//span[@id="dvc-chat-header-exit"]'.</msg>
<arg>//span[@id="dvc-chat-header-exit"]</arg>
<doc>Click the element identified by ``locator``.</doc>
<status status="PASS" start="2025-11-06T12:54:40.735049" elapsed="0.246973"/>
</kw>
<kw name="Sleep" owner="BuiltIn">
<msg time="2025-11-06T12:54:44.985913" level="INFO">Slept 4 seconds.</msg>
<arg>4s</arg>
<doc>Pauses the test executed for the given time.</doc>
<status status="PASS" start="2025-11-06T12:54:40.985053" elapsed="4.001198"/>
</kw>
<kw name="Wait Until Element Is Visible" owner="SeleniumLibrary">
<arg>//span[text()="Submit"]</arg>
<arg>10</arg>
<doc>Waits until the element ``locator`` is visible.</doc>
<status status="PASS" start="2025-11-06T12:54:44.988239" elapsed="0.063332"/>
</kw>
<kw name="Click Element" owner="SeleniumLibrary">
<msg time="2025-11-06T12:54:45.053548" level="INFO">Clicking element '//span[text()="Submit"]'.</msg>
<arg>//span[text()="Submit"]</arg>
<doc>Click the element identified by ``locator``.</doc>
<status status="PASS" start="2025-11-06T12:54:45.052792" elapsed="0.238742"/>
</kw>
<kw name="Sleep" owner="BuiltIn">
<msg time="2025-11-06T12:54:47.297410" level="INFO">Slept 2 seconds.</msg>
<arg>2s</arg>
<doc>Pauses the test executed for the given time.</doc>
<status status="PASS" start="2025-11-06T12:54:45.295354" elapsed="2.002596"/>
</kw>
<arg>0</arg>
<status status="PASS" start="2025-11-06T12:54:40.655335" elapsed="6.644613"/>
</kw>
<status status="PASS" start="2025-11-06T12:54:15.049553" elapsed="32.251531"/>
</kw>
<kw name="Close All Browsers" owner="SeleniumLibrary" type="TEARDOWN">
<doc>Closes all open browsers and resets the browser cache.</doc>
<status status="PASS" start="2025-11-06T12:54:47.303039" elapsed="0.196884"/>
</kw>
<doc>This test case is to initiate a chat from the customer side to virtual agent for homeal and raise a complaint regarding subscription issue</doc>
<tag>20</tag>
<tag>CVACHAT_20</tag>
<tag>homeal</tag>
<tag>new</tag>
<status status="PASS" start="2025-11-06T12:54:15.047566" elapsed="32.453051"/>
</test>
<status status="FAIL" start="2025-11-06T12:54:00.466244" elapsed="47.234199"/>
</suite>
<statistics>
<total>
<stat pass="1" fail="2" skip="0">All Tests</stat>
</total>
<tag>
<stat pass="0" fail="1" skip="0">18</stat>
<stat pass="0" fail="1" skip="0">19</stat>
<stat pass="1" fail="0" skip="0">20</stat>
<stat pass="0" fail="1" skip="0">CVACHAT_18</stat>
<stat pass="0" fail="1" skip="0">CVACHAT_19</stat>
<stat pass="1" fail="0" skip="0">CVACHAT_20</stat>
<stat pass="1" fail="2" skip="0">homeal</stat>
<stat pass="1" fail="2" skip="0">new</stat>
</tag>
<suite>
<stat name="37.Customer chat" id="s1" pass="1" fail="2" skip="0">37.Customer chat</stat>
</suite>
</statistics>
<errors>
</errors>
</robot>
